2026-03-13 22:35:20, MOVE, v:1, k:ed@pintando, mode:PICK
2026-03-13 22:39:23, MOVE, v:1, k:ed@pintando, mode:PICK
2026-03-13 22:39:30, EXEC, v:1, k:ed@pintando, mode:FREE, size:12
2026-03-13 22:40:02, MOVE, v:1, k:ed@pintando, mode:PICK
2026-03-13 22:40:03, EXEC, v:1, k:ed@pintando, mode:FULL, fail:COMP
2026-03-13 22:40:03, EXEC, v:1, k:ed@pintando, mode:FULL, fail:COMP
2026-03-13 22:40:16, EXEC, v:1, k:ed@pintando, mode:FULL, size:12, fail:COMP
2026-03-13 22:40:38, EXEC, v:1, k:ed@pintando, mode:FULL, size:12, fail:COMP
2026-03-13 22:40:41, EXEC, v:1, k:ed@pintando, mode:FULL, fail:COMP
2026-03-13 22:42:23, EXEC, v:1, k:ed@pintando, mode:FULL, size:12, fail:COMP
2026-03-13 22:42:34, EXEC, v:1, k:ed@pintando, mode:FULL, size:12, fail:COMP
2026-03-13 22:43:02, EXEC, v:1, k:ed@pintando, mode:FULL, size:12, fail:COMP
2026-03-13 22:43:14, EXEC, v:1, k:ed@pintando, mode:FULL, size:12, fail:COMP
2026-03-13 22:43:33, EXEC, v:1, k:ed@pintando, mode:FULL, size:12, fail:COMP
2026-03-13 22:44:10, EXEC, v:1, k:ed@pintando, mode:FULL, rate:0, size:12
2026-03-13 22:44:48, EXEC, v:1, k:ed@pintando, mode:FULL, rate:0, size:12
2026-03-13 22:45:39, EXEC, v:1, k:ed@pintando, mode:FULL, rate:0, size:12
2026-03-13 22:46:33, EXEC, v:1, k:ed@pintando, mode:FULL, size:12, fail:COMP
2026-03-13 22:46:40, EXEC, v:1, k:ed@pintando, mode:FULL, size:12, fail:COMP
2026-03-13 22:46:50, EXEC, v:1, k:ed@pintando, mode:FULL, rate:0, size:12
2026-03-13 22:55:51, EXEC, v:1, k:ed@pintando, mode:FULL, rate:0, size:14
2026-03-13 22:59:01, EXEC, v:1, k:ed@pintando, mode:FULL, size:12, fail:COMP
2026-03-13 22:59:12, EXEC, v:1, k:ed@pintando, mode:FULL, size:12, fail:COMP
2026-03-13 23:00:25, EXEC, v:1, k:ed@pintando, mode:FULL, rate:100, size:12
2026-03-13 23:01:24, MOVE, v:1, k:ed@pintando, mode:BACK
2026-03-13 23:02:47, SELF, v:1, k:ed@pintando, self:1, rate:100, study:20, friend:nao, concept:1
2026-03-13 23:02:56, MOVE, v:1, k:ed@mumia, mode:PICK
2026-03-13 23:03:07, EXEC, v:1, k:ed@mumia, mode:FULL, rate:0, size:5
2026-03-13 23:08:28, EXEC, v:1, k:ed@mumia, mode:FULL, size:20, fail:COMP
2026-03-13 23:08:48, EXEC, v:1, k:ed@mumia, mode:FULL, size:20, fail:COMP
2026-03-13 23:09:07, EXEC, v:1, k:ed@mumia, mode:FULL, size:20, fail:COMP
2026-03-13 23:09:31, EXEC, v:1, k:ed@mumia, mode:FULL, size:20, fail:COMP
2026-03-13 23:10:02, EXEC, v:1, k:ed@mumia, mode:FULL, rate:100, size:20
2026-03-13 23:10:04, MOVE, v:1, k:ed@mumia, mode:BACK
2026-03-13 23:10:38, SELF, v:1, k:ed@mumia, self:1, rate:100, study:7, friend:nao
2026-03-13 23:10:47, MOVE, v:1, k:ed@fuga, mode:PICK
2026-03-13 23:11:06, EXEC, v:1, k:ed@fuga, mode:FULL, rate:0, size:5
2026-03-13 23:18:29, EXEC, v:1, k:ed@fuga, mode:FULL, size:22, fail:COMP
2026-03-13 23:19:08, EXEC, v:1, k:ed@fuga, mode:FULL, rate:50, size:22
2026-03-13 23:20:02, EXEC, v:1, k:ed@fuga, mode:FULL, rate:80, size:36
2026-03-13 23:22:00, EXEC, v:1, k:ed@fuga, mode:FULL, rate:100, size:36
2026-03-13 23:22:03, MOVE, v:1, k:ed@fuga, mode:BACK
2026-03-13 23:22:14, SELF, v:1, k:ed@fuga, self:1, rate:100, study:11, friend:nao
