2026-05-08 07:54:57, MOVE, v:1, k:ed@editor, mode:PICK
2026-05-08 07:56:56, EXEC, v:1, k:ed@editor, mode:FULL, rate:0, size:17
2026-05-08 07:58:03, MOVE, v:1, k:ed@editor, mode:BACK
2026-05-08 07:59:24, MOVE, v:1, k:ed@lista_d2, mode:PICK
2026-05-08 07:56:52, MOVE, v:1, k:ed@editor, mode:EDIT
2026-05-08 07:59:36, MOVE, v:1, k:ed@lista_d2, mode:BACK
2026-05-08 07:59:38, MOVE, v:1, k:ed@lista_d1, mode:PICK
2026-05-08 08:03:40, EXEC, v:1, k:ed@lista_d1, mode:FULL, rate:100, size:169
2026-05-08 08:03:42, MOVE, v:1, k:ed@lista_d1, mode:BACK
2026-05-08 08:03:43, MOVE, v:1, k:ed@lista_d2, mode:PICK
2026-05-08 08:03:44, EXEC, v:1, k:ed@lista_d2, mode:FULL, size:145, fail:COMP
2026-05-08 08:03:45, EXEC, v:1, k:ed@lista_d2, mode:FULL, fail:COMP
2026-05-08 08:04:08, EXEC, v:1, k:ed@lista_d2, mode:FULL, size:145, fail:COMP
2026-05-08 08:04:08, MOVE, v:1, k:ed@lista_d2, mode:EDIT
2026-05-08 08:04:34, EXEC, v:1, k:ed@lista_d2, mode:FULL, rate:0, size:145
2026-05-08 08:09:06, MOVE, v:1, k:ed@lista_d2, mode:EDIT
2026-05-08 08:12:34, MOVE, v:1, k:ed@lista_d2, mode:EDIT
2026-05-08 08:16:26, EXEC, v:1, k:ed@lista_d2, mode:FULL, size:168, fail:COMP
2026-05-08 08:17:47, EXEC, v:1, k:ed@lista_d2, mode:FULL, rate:0, size:168
2026-05-08 08:18:12, EXEC, v:1, k:ed@lista_d2, mode:FULL, rate:20, size:168
2026-05-08 08:18:11, MOVE, v:1, k:ed@lista_d2, mode:EDIT
2026-05-08 08:29:19, EXEC, v:1, k:ed@lista_d2, mode:FULL, rate:20, size:178
2026-05-08 08:29:13, MOVE, v:1, k:ed@lista_d2, mode:EDIT
2026-05-08 08:35:10, EXEC, v:1, k:ed@lista_d2, mode:FULL, size:180, fail:COMP
2026-05-08 08:35:06, MOVE, v:1, k:ed@lista_d2, mode:EDIT
2026-05-08 08:39:42, EXEC, v:1, k:ed@lista_d2, mode:FULL, size:188, fail:COMP
2026-05-08 08:39:37, MOVE, v:1, k:ed@lista_d2, mode:EDIT
2026-05-08 08:46:02, EXEC, v:1, k:ed@lista_d2, mode:FULL, size:196, fail:COMP
2026-05-08 08:46:31, EXEC, v:1, k:ed@lista_d2, mode:FULL, rate:20, size:196
2026-05-08 08:47:29, EXEC, v:1, k:ed@lista_d2, mode:FULL, rate:20, size:196
2026-05-08 08:47:21, MOVE, v:1, k:ed@lista_d2, mode:EDIT
2026-05-08 08:51:04, EXEC, v:1, k:ed@lista_d2, mode:FULL, rate:20, size:204
2026-05-08 08:50:54, MOVE, v:1, k:ed@lista_d2, mode:EDIT
2026-05-08 08:55:18, EXEC, v:1, k:ed@lista_d2, mode:FULL, rate:20
2026-05-08 08:56:20, EXEC, v:1, k:ed@lista_d2, mode:FULL, rate:20, size:206
2026-05-08 08:58:01, MOVE, v:1, k:ed@lista_d2, mode:EDIT
2026-05-08 10:08:00, MOVE, v:1, k:ed@lista_d2, mode:PICK
2026-05-08 10:15:10, EXEC, v:1, k:ed@lista_d2, mode:FULL, size:200, fail:COMP
2026-05-08 10:15:23, EXEC, v:1, k:ed@lista_d2, mode:FULL, rate:20, size:200
2026-05-08 10:17:07, EXEC, v:1, k:ed@lista_d2, mode:FULL, rate:20, size:202
2026-05-08 10:17:21, MOVE, v:1, k:ed@lista_d2, mode:EDIT
2026-05-08 10:18:47, EXEC, v:1, k:ed@lista_d2, mode:FULL, rate:20
2026-05-08 10:19:14, MOVE, v:1, k:ed@lista_d2, mode:PICK
2026-05-08 10:19:25, EXEC, v:1, k:ed@lista_d2, mode:FULL, rate:20
2026-05-08 10:26:46, EXEC, v:1, k:ed@lista_d2, mode:FULL, rate:20, size:202
2026-05-08 10:27:47, EXEC, v:1, k:ed@lista_d2, mode:FULL, rate:40, size:208
2026-05-08 10:27:45, MOVE, v:1, k:ed@lista_d2, mode:EDIT
2026-05-08 10:30:54, MOVE, v:1, k:ed@lista_d2, mode:EDIT
2026-05-08 10:39:12, MOVE, v:1, k:ed@lista_d2, mode:EDIT
2026-05-08 10:39:15, EXEC, v:1, k:ed@lista_d2, mode:FULL, size:223, fail:COMP
2026-05-08 10:41:54, EXEC, v:1, k:ed@lista_d2, mode:FULL, rate:40, size:218
2026-05-08 10:43:37, EXEC, v:1, k:ed@lista_d2, mode:FULL, rate:40, size:219
2026-05-08 10:43:33, MOVE, v:1, k:ed@lista_d2, mode:EDIT
2026-05-08 10:44:37, EXEC, v:1, k:ed@lista_d2, mode:FULL, rate:60, size:219
2026-05-08 10:46:14, MOVE, v:1, k:ed@lista_d2, mode:EDIT
2026-05-08 13:28:17, MOVE, v:1, k:ed@lista_d2, mode:PICK
2026-05-08 13:28:21, EXEC, v:1, k:ed@lista_d2, mode:FULL, size:224, fail:COMP
2026-05-08 13:31:36, EXEC, v:1, k:ed@lista_d2, mode:FULL, rate:60, size:226
2026-05-08 13:31:34, MOVE, v:1, k:ed@lista_d2, mode:EDIT
2026-05-08 13:37:20, MOVE, v:1, k:ed@lista_d2, mode:EDIT
2026-05-08 13:37:51, MOVE, v:1, k:ed@lista_d2, mode:EDIT
2026-05-08 13:44:22, MOVE, v:1, k:ed@lista_d2, mode:BACK
2026-05-08 13:55:00, MOVE, v:1, k:ed@lista_d2, mode:PICK
2026-05-08 13:56:43, EXEC, v:1, k:ed@lista_d2, mode:FULL, rate:80, size:234
2026-05-08 13:56:38, MOVE, v:1, k:ed@lista_d2, mode:EDIT
2026-05-08 14:00:08, MOVE, v:1, k:ed@lista_d2, mode:EDIT
2026-05-08 14:05:46, MOVE, v:1, k:ed@lista_d2, mode:EDIT
2026-05-08 14:10:31, EXEC, v:1, k:ed@lista_d2, mode:FULL, size:243, fail:COMP
2026-05-08 14:10:45, EXEC, v:1, k:ed@lista_d2, mode:FULL, rate:80, size:244
2026-05-08 14:13:12, EXEC, v:1, k:ed@lista_d2, mode:FULL, rate:80, size:246
2026-05-08 14:14:07, EXEC, v:1, k:ed@lista_d2, mode:FULL, rate:80, size:246
2026-05-08 14:14:06, MOVE, v:1, k:ed@lista_d2, mode:EDIT
2026-05-08 14:17:05, EXEC, v:1, k:ed@lista_d2, mode:FULL, rate:80, size:244
2026-05-08 14:17:02, MOVE, v:1, k:ed@lista_d2, mode:EDIT
2026-05-08 14:24:16, EXEC, v:1, k:ed@lista_d2, mode:FULL, rate:80, size:246
2026-05-08 14:24:14, MOVE, v:1, k:ed@lista_d2, mode:EDIT
2026-05-08 14:38:57, EXEC, v:1, k:ed@lista_d2, mode:FULL, rate:100, size:246
2026-05-08 14:38:58, MOVE, v:1, k:ed@lista_d2, mode:BACK
2026-05-08 14:39:14, SELF, v:1, k:ed@lista_d2, self:1, rate:100, study:100, debug:1
2026-05-08 14:39:29, MOVE, v:1, k:ed@lista_d4, mode:DOWN
2026-05-08 14:39:31, MOVE, v:1, k:ed@lista_d4, mode:PICK
2026-05-08 14:38:52, MOVE, v:1, k:ed@lista_d2, mode:EDIT
2026-05-08 14:39:29, MOVE, v:1, k:ed@lista_d4, mode:EDIT
2026-05-08 14:39:29, MOVE, v:1, k:ed@lista_d4, mode:EDIT
2026-05-08 14:39:29, MOVE, v:1, k:ed@lista_d4, mode:EDIT
2026-05-08 14:39:29, MOVE, v:1, k:ed@lista_d4, mode:EDIT
2026-05-08 14:45:54, EXEC, v:1, k:ed@lista_d4, mode:FULL, rate:0, size:124
2026-05-08 14:49:08, EXEC, v:1, k:ed@lista_d4, mode:FULL, size:135, fail:COMP
2026-05-08 14:49:23, EXEC, v:1, k:ed@lista_d4, mode:FULL, rate:0, size:136
2026-05-08 14:50:17, EXEC, v:1, k:ed@lista_d4, mode:FULL, rate:0, size:140
2026-05-08 14:50:16, MOVE, v:1, k:ed@lista_d4, mode:EDIT
2026-05-08 14:56:17, MOVE, v:1, k:ed@lista_d4, mode:EDIT
2026-05-08 14:57:58, EXEC, v:1, k:ed@lista_d4, mode:FULL, size:166, fail:COMP
2026-05-08 14:58:23, EXEC, v:1, k:ed@lista_d4, mode:FULL, rate:0, size:166
2026-05-08 16:28:06, MOVE, v:1, k:ed@lista_d4, mode:PICK
2026-05-08 16:28:19, EXEC, v:1, k:ed@lista_d4, mode:FULL, rate:0
2026-05-08 16:34:49, EXEC, v:1, k:ed@lista_d4, mode:FULL, rate:0
2026-05-08 16:35:10, EXEC, v:1, k:ed@lista_d4, mode:FULL, rate:0, size:166
2026-05-08 16:37:29, MOVE, v:1, k:ed@lista_d4, mode:EDIT
2026-05-08 16:38:18, EXEC, v:1, k:ed@lista_d4, mode:FULL, rate:66, size:166
2026-05-08 16:38:40, EXEC, v:1, k:ed@lista_d4, mode:FULL, rate:100, size:166
2026-05-08 16:38:41, MOVE, v:1, k:ed@lista_d4, mode:BACK
2026-05-08 16:39:08, SELF, v:1, k:ed@lista_d2, self:1, rate:100, study:150, debug:1
2026-05-08 16:39:20, SELF, v:1, k:ed@lista_d4, self:1, rate:100, study:25
2026-05-08 16:39:40, MOVE, v:1, k:ed@lista_d3, mode:DOWN
2026-05-08 16:39:41, MOVE, v:1, k:ed@lista_d3, mode:PICK
2026-05-08 16:38:39, MOVE, v:1, k:ed@lista_d4, mode:EDIT
2026-05-08 16:39:40, MOVE, v:1, k:ed@lista_d3, mode:EDIT
2026-05-08 16:39:40, MOVE, v:1, k:ed@lista_d3, mode:EDIT
2026-05-08 16:40:52, MOVE, v:1, k:ed@lista_d3, mode:EDIT
2026-05-08 16:44:02, EXEC, v:1, k:ed@lista_d3, mode:FULL, size:109, fail:COMP
2026-05-08 16:44:17, EXEC, v:1, k:ed@lista_d3, mode:FULL, fail:COMP
2026-05-08 16:44:57, EXEC, v:1, k:ed@lista_d3, mode:FULL, size:109, fail:COMP
2026-05-08 16:45:09, MOVE, v:1, k:ed@lista_d3, mode:EDIT
2026-05-08 16:51:41, MOVE, v:1, k:ed@lista_d3, mode:EDIT
2026-05-08 16:57:10, EXEC, v:1, k:ed@lista_d3, mode:FULL, size:113, fail:COMP
2026-05-08 16:57:59, MOVE, v:1, k:ed@lista_d3, mode:EDIT
2026-05-08 16:58:44, MOVE, v:1, k:ed@lista_d3, mode:EDIT
2026-05-08 17:04:12, EXEC, v:1, k:ed@lista_d3, mode:FULL, rate:0, size:127
2026-05-08 17:05:02, EXEC, v:1, k:ed@lista_d3, mode:FULL, rate:25, size:131
2026-05-08 17:08:04, MOVE, v:1, k:ed@lista_d3, mode:EDIT
2026-05-08 17:09:48, EXEC, v:1, k:ed@lista_d3, mode:FULL, size:141, fail:COMP
2026-05-08 17:10:16, EXEC, v:1, k:ed@lista_d3, mode:FULL, size:141, fail:COMP
2026-05-08 17:10:33, EXEC, v:1, k:ed@lista_d3, mode:FULL, fail:COMP
2026-05-08 17:10:45, EXEC, v:1, k:ed@lista_d3, mode:FULL, rate:25, size:141
2026-05-08 17:10:44, MOVE, v:1, k:ed@lista_d3, mode:EDIT
2026-05-08 17:16:04, EXEC, v:1, k:ed@lista_d3, mode:FULL, rate:25, size:151
2026-05-08 17:16:53, EXEC, v:1, k:ed@lista_d3, mode:FULL, rate:25, size:151
2026-05-08 17:16:51, MOVE, v:1, k:ed@lista_d3, mode:EDIT
2026-05-08 17:19:58, EXEC, v:1, k:ed@lista_d3, mode:FULL, rate:50, size:151
2026-05-08 17:22:49, MOVE, v:1, k:ed@lista_d3, mode:EDIT
2026-05-08 17:24:25, EXEC, v:1, k:ed@lista_d3, mode:FULL, size:161, fail:COMP
2026-05-08 17:24:47, EXEC, v:1, k:ed@lista_d3, mode:FULL, size:161, fail:COMP
2026-05-08 17:25:17, EXEC, v:1, k:ed@lista_d3, mode:FULL, rate:50, size:161
2026-05-08 17:26:39, EXEC, v:1, k:ed@lista_d3, mode:FULL, rate:75, size:160
2026-05-08 17:26:55, EXEC, v:1, k:ed@lista_d3, mode:FULL, rate:75, size:161
2026-05-08 17:26:53, MOVE, v:1, k:ed@lista_d3, mode:EDIT
2026-05-08 17:33:51, MOVE, v:1, k:ed@lista_d3, mode:BACK
2026-05-08 17:33:57, MOVE, v:1, k:ed@lista_d3, mode:PICK
2026-05-08 17:33:59, EXEC, v:1, k:ed@lista_d3, mode:FULL, rate:75
2026-05-08 17:34:33, EXEC, v:1, k:ed@lista_d3, mode:FULL, size:161, fail:COMP
2026-05-08 17:35:06, MOVE, v:1, k:ed@lista_d3, mode:EDIT
2026-05-08 17:40:58, MOVE, v:1, k:ed@lista_d3, mode:EDIT
2026-05-08 17:48:39, EXEC, v:1, k:ed@lista_d3, mode:FULL, size:178, fail:COMP
2026-05-08 17:49:35, EXEC, v:1, k:ed@lista_d3, mode:FULL, size:178, fail:COMP
2026-05-08 17:51:29, EXEC, v:1, k:ed@lista_d3, mode:FULL, size:178, fail:COMP
2026-05-08 17:52:19, EXEC, v:1, k:ed@lista_d3, mode:FULL, rate:75, size:178
2026-05-08 17:52:17, MOVE, v:1, k:ed@lista_d3, mode:EDIT
2026-05-08 17:53:22, EXEC, v:1, k:ed@lista_d3, mode:FULL, rate:75, size:178
2026-05-08 17:57:48, MOVE, v:1, k:ed@lista_d3, mode:EDIT
2026-05-08 17:58:15, EXEC, v:1, k:ed@lista_d3, mode:FULL, size:182, fail:COMP
2026-05-08 17:58:51, EXEC, v:1, k:ed@lista_d3, mode:FULL, rate:75, size:182
2026-05-08 18:00:23, EXEC, v:1, k:ed@lista_d3, mode:FULL, rate:100, size:190
2026-05-08 18:00:24, MOVE, v:1, k:ed@lista_d3, mode:BACK
2026-05-08 18:00:45, SELF, v:1, k:ed@lista_d3, self:1, rate:100, study:70, code:1
2026-05-08 18:00:21, MOVE, v:1, k:ed@lista_d3, mode:EDIT
2026-05-08 18:26:55, MOVE, v:1, k:ed@editor, mode:PICK
2026-05-08 18:32:08, MOVE, v:1, k:ed@editor, mode:BACK
2026-05-08 18:32:57, MOVE, v:1, k:ed@editor, mode:EDIT
2026-05-08 18:40:45, MOVE, v:1, k:ed@editorint, mode:PICK
2026-05-08 18:42:37, MOVE, v:1, k:ed@editorint, mode:BACK
2026-05-08 18:42:39, MOVE, v:1, k:ed@editor, mode:PICK
2026-05-08 18:42:36, MOVE, v:1, k:ed@editor, mode:EDIT
2026-05-08 18:43:14, EXEC, v:1, k:ed@editor, mode:FULL, size:15, fail:COMP
2026-05-08 18:43:57, EXEC, v:1, k:ed@editor, mode:FULL, rate:0, size:19
2026-05-08 18:46:47, EXEC, v:1, k:ed@editor, mode:FULL, size:23, fail:COMP
2026-05-08 18:47:16, EXEC, v:1, k:ed@editor, mode:FULL, rate:0, size:23
2026-05-08 18:47:15, MOVE, v:1, k:ed@editor, mode:EDIT
2026-05-08 18:51:25, EXEC, v:1, k:ed@editor, mode:FULL, size:37, fail:COMP
2026-05-08 18:51:40, EXEC, v:1, k:ed@editor, mode:FULL, rate:0, size:37
2026-05-08 18:51:45, MOVE, v:1, k:ed@editor, mode:BACK
2026-05-08 18:51:59, MOVE, v:1, k:ed@editor, mode:PICK
2026-05-08 18:52:00, MOVE, v:1, k:ed@editor, mode:BACK
2026-05-08 18:52:01, MOVE, v:1, k:ed@editor, mode:PICK
2026-05-08 18:52:03, EXEC, v:1, k:ed@editor, mode:FULL, rate:0
2026-05-08 18:56:02, MOVE, v:1, k:ed@editor, mode:EDIT
2026-05-08 19:01:42, MOVE, v:1, k:ed@editor, mode:EDIT
2026-05-08 19:03:03, EXEC, v:1, k:ed@editor, mode:FULL, rate:0, size:56
2026-05-08 19:06:47, MOVE, v:1, k:ed@editor, mode:EDIT
2026-05-08 19:09:13, EXEC, v:1, k:ed@editor, mode:FULL, rate:100, size:60
2026-05-08 19:09:14, MOVE, v:1, k:ed@editor, mode:BACK
2026-05-08 19:09:23, SELF, v:1, k:ed@editor, self:1, rate:100, study:40, code:1
2026-05-08 19:09:11, MOVE, v:1, k:ed@editor, mode:EDIT
2026-05-08 19:16:32, MOVE, v:1, k:ed@wordsearch, mode:PICK
2026-05-08 19:19:28, EXEC, v:1, k:ed@wordsearch, mode:FULL, rate:25, size:62
