2026-04-06 10:02:04, MOVE, v:1, k:ed@queimada, mode:PICK
2026-04-06 10:03:23, MOVE, v:1, k:ed@queimada, mode:BACK
2026-04-06 10:03:33, MOVE, v:1, k:ed@resto, mode:PICK
2026-04-06 10:04:12, MOVE, v:1, k:ed@resto, mode:BACK
2026-04-06 10:07:56, MOVE, v:1, k:ed@labirinto, mode:PICK
2026-04-06 10:08:59, EXEC, v:1, k:ed@labirinto, mode:FULL, rate:100
2026-04-06 10:10:11, MOVE, v:1, k:ed@labirinto, mode:BACK
2026-04-06 10:20:12, MOVE, v:1, k:ed@permutacoes, mode:DOWN
2026-04-06 10:20:13, MOVE, v:1, k:ed@permutacoes, mode:PICK
2026-04-06 10:20:51, EXEC, v:1, k:ed@permutacoes, mode:FULL, rate:0, size:5
2026-04-06 12:42:46, MOVE, v:1, k:ed@labirinto, mode:PICK
2026-04-06 14:55:37, MOVE, v:1, k:ed@labirinto, mode:PICK
2026-04-06 14:55:41, EXEC, v:1, k:ed@labirinto, mode:FULL, rate:0, size:77
2026-04-06 14:56:08, MOVE, v:1, k:ed@labirinto, mode:BACK
2026-04-06 15:12:15, MOVE, v:1, k:ed@permutacoes, mode:PICK
2026-04-06 15:12:34, MOVE, v:1, k:ed@permutacoes, mode:BACK
2026-04-06 15:12:39, MOVE, v:1, k:ed@sudoku, mode:DOWN
2026-04-06 15:12:39, MOVE, v:1, k:ed@sudoku, mode:PICK
2026-04-06 15:12:49, MOVE, v:1, k:ed@sudoku, mode:BACK
2026-04-06 15:12:50, MOVE, v:1, k:ed@n_rainhas, mode:DOWN
2026-04-06 15:12:52, MOVE, v:1, k:ed@n_rainhas, mode:PICK
2026-04-06 15:17:42, MOVE, v:1, k:ed@n_rainhas, mode:BACK
2026-04-06 15:17:45, MOVE, v:1, k:ed@permutacoes, mode:PICK
2026-04-06 15:20:25, MOVE, v:1, k:ed@permutacoes, mode:BACK
2026-04-06 15:20:45, MOVE, v:1, k:ed@quadrado, mode:DOWN
2026-04-06 15:20:46, MOVE, v:1, k:ed@quadrado, mode:PICK
2026-04-06 15:21:15, EXEC, v:1, k:ed@quadrado, mode:FULL, rate:0, size:5
2026-04-06 15:29:52, MOVE, v:1, k:ed@quadrado, mode:BACK
2026-04-06 15:29:57, MOVE, v:1, k:ed@sufixos, mode:PICK
2026-04-06 15:30:54, MOVE, v:1, k:ed@sufixos, mode:BACK
2026-04-06 15:30:57, MOVE, v:1, k:ed@quadrado, mode:PICK
2026-04-06 15:31:01, EXEC, v:1, k:ed@quadrado, mode:FULL, rate:0, size:13
2026-04-06 15:47:33, MOVE, v:1, k:ed@quadrado, mode:BACK
2026-04-06 15:47:48, MOVE, v:1, k:ed@fractais_png, mode:PICK
2026-04-06 15:49:32, MOVE, v:1, k:ed@fractais_png, mode:BACK
2026-04-06 15:50:47, EXEC, v:1, k:fractais_png@go, mode:FREE
2026-04-06 15:56:19, EXEC, v:1, k:fractais_png@go, mode:FREE
2026-04-06 15:56:41, MOVE, v:1, k:ed@fractais_png, mode:PICK
2026-04-06 15:56:42, EXEC, v:1, k:ed@fractais_png, mode:LOCK, rate:0
2026-04-06 15:56:44, MOVE, v:1, k:ed@fractais_png, mode:BACK
2026-04-06 15:56:47, MOVE, v:1, k:ed@fractais_png, mode:PICK
2026-04-06 15:56:49, MOVE, v:1, k:ed@fractais_png, mode:BACK
2026-04-06 16:21:13, EXEC, v:1, k:fractais_png@go, mode:FREE
2026-04-06 16:21:24, EXEC, v:1, k:fractais_png@go, mode:FREE, size:136
2026-04-06 16:21:38, EXEC, v:1, k:fractais_png@go, mode:FREE, size:136
2026-04-06 16:24:13, EXEC, v:1, k:fractais_png@go, mode:FREE, size:143
2026-04-06 16:24:53, EXEC, v:1, k:fractais_png@go, mode:FREE, size:143
2026-04-06 16:25:05, EXEC, v:1, k:fractais_png@go, mode:FREE, size:143
2026-04-06 16:25:15, EXEC, v:1, k:fractais_png@go, mode:FREE, size:143
2026-04-06 16:25:23, EXEC, v:1, k:fractais_png@go, mode:FREE, size:143
2026-04-06 16:26:57, EXEC, v:1, k:fractais_png@go, mode:FREE, size:145
2026-04-06 16:27:22, EXEC, v:1, k:fractais_png@go, mode:FREE, size:145
2026-04-06 16:29:58, EXEC, v:1, k:fractais_png@go, mode:FREE, size:149
2026-04-06 16:30:14, EXEC, v:1, k:fractais_png@go, mode:FREE, size:149
2026-04-06 16:31:37, EXEC, v:1, k:fractais_png@go, mode:FREE, size:150
2026-04-06 16:32:01, EXEC, v:1, k:fractais_png@go, mode:FREE, size:150
2026-04-06 16:32:11, EXEC, v:1, k:fractais_png@go, mode:FREE, size:150
2026-04-06 16:35:58, EXEC, v:1, k:fractais_png@go, mode:FREE, size:153
2026-04-06 16:37:15, EXEC, v:1, k:fractais_png@go, mode:FREE, size:154
2026-04-06 16:39:48, EXEC, v:1, k:fractais_png@go, mode:FREE, size:154
2026-04-06 16:40:02, EXEC, v:1, k:fractais_png@go, mode:FREE, size:154
2026-04-06 16:40:24, EXEC, v:1, k:fractais_png@go, mode:FREE, size:154
2026-04-06 16:40:41, EXEC, v:1, k:fractais_png@go, mode:FREE, size:154
