2026-07-05 07:37:48, MOVE, v:1, k:ed@escapeSpread, mode:PICK
2026-07-05 07:37:50, MOVE, v:1, k:ed@escapeSpread, mode:BACK
2026-07-05 07:37:54, MOVE, v:1, k:ed@detonate, mode:PICK
2026-07-05 07:47:03, MOVE, v:1, k:ed@detonate, mode:EDIT
2026-07-05 07:52:12, MOVE, v:1, k:ed@detonate, mode:EDIT
2026-07-05 07:56:56, MOVE, v:1, k:ed@detonate, mode:EDIT
2026-07-05 07:58:14, MOVE, v:1, k:ed@detonate, mode:EDIT
2026-07-05 08:04:21, EXEC, v:1, k:ed@detonate, mode:FULL, size:48, fail:COMP
2026-07-05 08:04:33, EXEC, v:1, k:ed@detonate, mode:FULL, size:47, fail:COMP
2026-07-05 08:04:43, EXEC, v:1, k:ed@detonate, mode:FULL, size:47, fail:COMP
2026-07-05 08:05:10, EXEC, v:1, k:ed@detonate, mode:FULL, size:47, fail:COMP
2026-07-05 08:06:05, EXEC, v:1, k:ed@detonate, mode:FULL, rate:0, size:47
2026-07-05 08:06:27, EXEC, v:1, k:ed@detonate, mode:FULL, rate:0, size:47
2026-07-05 08:06:38, EXEC, v:1, k:ed@detonate, mode:FULL, size:47, fail:COMP
2026-07-05 08:06:47, EXEC, v:1, k:ed@detonate, mode:FULL, rate:0, size:47
2026-07-05 08:06:57, MOVE, v:1, k:ed@detonate, mode:EDIT
2026-07-05 08:09:25, EXEC, v:1, k:ed@detonate, mode:FULL, rate:0, size:51
2026-07-05 08:09:26, MOVE, v:1, k:ed@detonate, mode:BACK
2026-07-05 08:09:32, MOVE, v:1, k:ed@detonate, mode:PICK
2026-07-05 08:11:00, MOVE, v:1, k:ed@detonate, mode:EDIT
2026-07-05 08:17:07, MOVE, v:1, k:ed@detonate, mode:EDIT
2026-07-05 08:18:14, EXEC, v:1, k:ed@detonate, mode:FULL, rate:0, size:63
2026-07-05 08:19:11, MOVE, v:1, k:ed@detonate, mode:PICK
2026-07-05 08:19:12, MOVE, v:1, k:ed@detonate, mode:BACK
2026-07-05 08:19:38, MOVE, v:1, k:ed@detonate, mode:PICK
2026-07-05 08:20:13, EXEC, v:1, k:ed@detonate, mode:FULL, rate:33, size:64
2026-07-05 08:21:06, EXEC, v:1, k:ed@detonate, mode:FULL, rate:0, size:65
2026-07-05 08:24:05, MOVE, v:1, k:ed@detonate, mode:EDIT
2026-07-05 08:24:14, EXEC, v:1, k:ed@detonate, mode:FULL, size:68, fail:COMP
2026-07-05 08:25:48, EXEC, v:1, k:ed@detonate, mode:FULL, fail:COMP
2026-07-05 08:26:14, EXEC, v:1, k:ed@detonate, mode:FULL, rate:0, size:68
2026-07-05 08:27:16, MOVE, v:1, k:ed@detonate, mode:PICK
2026-07-05 08:27:16, MOVE, v:1, k:ed@detonate, mode:BACK
2026-07-05 08:27:57, MOVE, v:1, k:ed@detonate, mode:PICK
2026-07-05 08:28:13, MOVE, v:1, k:ed@detonate, mode:PICK
2026-07-05 08:28:20, EXEC, v:1, k:ed@detonate, mode:FULL, rate:0, size:69
2026-07-05 08:28:49, EXEC, v:1, k:ed@detonate, mode:FULL, rate:66, size:69
2026-07-05 08:31:21, EXEC, v:1, k:ed@detonate, mode:FULL, rate:66, size:71
2026-07-05 08:31:34, EXEC, v:1, k:ed@detonate, mode:FULL, rate:100, size:72
2026-07-05 08:33:08, MOVE, v:1, k:ed@detonate, mode:EDIT
2026-07-05 08:36:08, MOVE, v:1, k:ed@detonate, mode:BACK
2026-07-05 08:36:11, MOVE, v:1, k:ed@detonate, mode:PICK
2026-07-05 08:36:12, EXEC, v:1, k:ed@detonate, mode:FULL, size:72, fail:COMP
2026-07-05 08:36:13, MOVE, v:1, k:ed@detonate, mode:BACK
2026-07-05 08:36:15, MOVE, v:1, k:ed@detonate, mode:PICK
2026-07-05 08:36:16, EXEC, v:1, k:ed@detonate, mode:FULL, fail:COMP
2026-07-05 08:36:17, MOVE, v:1, k:ed@detonate, mode:BACK
2026-07-05 08:36:39, MOVE, v:1, k:ed@detonate, mode:PICK
2026-07-05 08:36:39, EXEC, v:1, k:ed@detonate, mode:FULL, size:55, fail:COMP
2026-07-05 08:36:40, MOVE, v:1, k:ed@detonate, mode:BACK
2026-07-05 08:36:49, MOVE, v:1, k:ed@detonate, mode:PICK
2026-07-05 08:36:38, MOVE, v:1, k:ed@detonate, mode:EDIT
2026-07-05 08:41:40, EXEC, v:1, k:ed@detonate, mode:FULL, size:69, fail:COMP
2026-07-05 08:42:03, EXEC, v:1, k:ed@detonate, mode:FULL, rate:0, size:69
2026-07-05 08:42:12, MOVE, v:1, k:ed@detonate, mode:BACK
2026-07-05 08:42:02, MOVE, v:1, k:ed@detonate, mode:EDIT
2026-07-05 08:45:09, MOVE, v:1, k:ed@detonate, mode:PICK
2026-07-05 08:45:14, EXEC, v:1, k:ed@detonate, mode:FULL, size:71, fail:COMP
2026-07-05 08:45:21, EXEC, v:1, k:ed@detonate, mode:FULL, size:71, fail:COMP
2026-07-05 08:45:32, EXEC, v:1, k:ed@detonate, mode:FULL, size:71, fail:COMP
2026-07-05 08:46:24, EXEC, v:1, k:ed@detonate, mode:FULL, rate:0, size:71
2026-07-05 08:47:37, EXEC, v:1, k:ed@detonate, mode:FULL, rate:0, size:71
2026-07-05 08:47:36, MOVE, v:1, k:ed@detonate, mode:EDIT
2026-07-05 08:48:28, EXEC, v:1, k:ed@detonate, mode:FULL, rate:100, size:71
2026-07-05 08:48:29, MOVE, v:1, k:ed@detonate, mode:BACK
2026-07-05 08:48:37, SELF, v:1, k:ed@detonate, self:1, rate:100, concept:1, code:1
2026-07-05 08:48:55, SELF, v:1, k:ed@detonate, self:1, rate:100, study:71, concept:1, code:1
2026-07-05 08:49:01, MOVE, v:1, k:ed@escapeSpread, mode:PICK
2026-07-05 08:50:31, MOVE, v:1, k:ed@escapeSpread, mode:BACK
2026-07-05 08:50:35, MOVE, v:1, k:ed@caminho, mode:PICK
2026-07-05 08:48:27, MOVE, v:1, k:ed@detonate, mode:EDIT
2026-07-05 09:07:49, MOVE, v:1, k:ed@caminho, mode:BACK
2026-07-05 09:08:02, SELF, v:1, k:ed@detonate, self:1, rate:100, study:71, concept:1
2026-07-05 09:08:09, SELF, v:1, k:ed@detonate, self:1, rate:100, study:71, concept:1, code:1
2026-07-05 10:04:44, MOVE, v:1, k:ed@padroes3, mode:PICK
2026-07-05 10:06:46, MOVE, v:1, k:ed@padroes3, mode:BACK
2026-07-05 10:06:48, MOVE, v:1, k:ed@quadrado, mode:PICK
2026-07-05 10:07:09, EXEC, v:1, k:ed@quadrado, mode:FULL, size:17, fail:COMP
2026-07-05 10:09:07, MOVE, v:1, k:ed@quadrado, mode:EDIT
2026-07-05 10:09:20, EXEC, v:1, k:ed@quadrado, mode:FULL, rate:0, size:18
2026-07-05 10:10:20, EXEC, v:1, k:ed@quadrado, mode:FULL, rate:5, size:19
2026-07-05 10:10:32, MOVE, v:1, k:ed@quadrado, mode:BACK
2026-07-05 10:10:36, MOVE, v:1, k:ed@quadrado, mode:PICK
2026-07-05 10:10:52, EXEC, v:1, k:ed@quadrado, mode:FULL, rate:5, size:19
2026-07-05 10:11:41, EXEC, v:1, k:ed@quadrado, mode:FULL, size:21, fail:COMP
2026-07-05 10:13:24, EXEC, v:1, k:ed@quadrado, mode:FULL, rate:5, size:24
2026-07-05 10:13:51, EXEC, v:1, k:ed@quadrado, mode:FULL, rate:5, size:24
2026-07-05 10:13:50, MOVE, v:1, k:ed@quadrado, mode:EDIT
2026-07-05 10:14:32, EXEC, v:1, k:ed@quadrado, mode:FULL, rate:5, size:24
2026-07-05 10:15:10, EXEC, v:1, k:ed@quadrado, mode:FULL, rate:100, size:24
2026-07-05 10:15:14, MOVE, v:1, k:ed@quadrado, mode:BACK
2026-07-05 10:15:20, SELF, v:1, k:ed@quadrado, self:1, rate:100, concept:1, debug:1
2026-07-05 10:15:30, MOVE, v:1, k:ed@fib1, mode:DOWN
2026-07-05 10:15:32, MOVE, v:1, k:ed@fib1, mode:PICK
2026-07-05 10:15:06, MOVE, v:1, k:ed@quadrado, mode:EDIT
2026-07-05 10:15:30, MOVE, v:1, k:ed@fib1, mode:EDIT
2026-07-05 10:18:54, MOVE, v:1, k:ed@fib1, mode:EDIT
2026-07-05 10:19:33, EXEC, v:1, k:ed@fib1, mode:FULL, size:16, fail:COMP
2026-07-05 10:19:45, EXEC, v:1, k:ed@fib1, mode:FULL, size:17, fail:COMP
2026-07-05 10:19:52, EXEC, v:1, k:ed@fib1, mode:FULL, rate:21, size:17
2026-07-05 10:21:09, EXEC, v:1, k:ed@fib1, mode:FULL, rate:28, size:17
2026-07-05 10:21:59, EXEC, v:1, k:ed@fib1, mode:FULL, rate:37, size:17
2026-07-05 10:22:16, EXEC, v:1, k:ed@fib1, mode:FULL, rate:100, size:17
2026-07-05 10:22:17, MOVE, v:1, k:ed@fib1, mode:BACK
2026-07-05 10:22:22, MOVE, v:1, k:ed@fib1, mode:PICK
2026-07-05 10:22:24, EXEC, v:1, k:ed@fib1, mode:FULL, rate:100
2026-07-05 10:22:25, MOVE, v:1, k:ed@fib1, mode:BACK
2026-07-05 10:22:39, SELF, v:1, k:ed@fib1, self:1, rate:100
2026-07-05 10:22:14, MOVE, v:1, k:ed@fib1, mode:EDIT
2026-07-05 10:24:17, MOVE, v:1, k:ed@fib2, mode:DOWN
2026-07-05 10:24:18, MOVE, v:1, k:ed@fib2, mode:PICK
2026-07-05 10:28:15, EXEC, v:1, k:ed@fib2, mode:FULL, size:15, fail:COMP
2026-07-05 10:28:24, EXEC, v:1, k:ed@fib2, mode:FULL, rate:5, size:17
2026-07-05 10:28:59, EXEC, v:1, k:ed@fib2, mode:FULL, rate:7, size:21
2026-07-05 10:24:17, MOVE, v:1, k:ed@fib2, mode:EDIT
2026-07-05 10:28:57, MOVE, v:1, k:ed@fib2, mode:EDIT
2026-07-05 10:29:34, EXEC, v:1, k:ed@fib2, mode:FULL, rate:7, size:21
2026-07-05 10:33:58, MOVE, v:1, k:ed@fib2, mode:EDIT
2026-07-05 10:37:34, EXEC, v:1, k:ed@fib2, mode:FULL, rate:100, size:36
2026-07-05 10:37:35, MOVE, v:1, k:ed@fib2, mode:BACK
2026-07-05 10:37:42, SELF, v:1, k:ed@fib2, self:1, rate:100
2026-07-05 10:37:44, SELF, v:1, k:ed@fib2
2026-07-05 10:37:44, SELF, v:1, k:ed@fib2, self:1, rate:100
2026-07-05 10:37:46, SELF, v:1, k:ed@fib2
2026-07-05 10:37:50, MOVE, v:1, k:ed@fib2, mode:PICK
2026-07-05 10:37:52, EXEC, v:1, k:ed@fib2, mode:FULL, rate:100
2026-07-05 10:37:52, MOVE, v:1, k:ed@fib2, mode:BACK
2026-07-05 10:38:08, SELF, v:1, k:ed@fib1, self:1, rate:100, study:6
2026-07-05 10:38:22, SELF, v:1, k:ed@fib2, self:1, rate:100, friend:18
2026-07-05 10:38:58, MOVE, v:1, k:ed@santo, mode:DOWN
2026-07-05 10:38:59, MOVE, v:1, k:ed@santo, mode:PICK
2026-07-05 10:37:32, MOVE, v:1, k:ed@fib2, mode:EDIT
2026-07-05 10:38:58, MOVE, v:1, k:ed@santo, mode:EDIT
2026-07-05 10:38:58, MOVE, v:1, k:ed@santo, mode:EDIT
2026-07-05 10:49:02, MOVE, v:1, k:ed@santo, mode:EDIT
2026-07-05 10:49:13, EXEC, v:1, k:ed@santo, mode:FULL, size:15, fail:COMP
2026-07-05 10:49:54, EXEC, v:1, k:ed@santo, mode:FULL, size:16, fail:COMP
2026-07-05 10:50:01, EXEC, v:1, k:ed@santo, mode:FULL, rate:0, size:16
2026-07-05 10:53:04, MOVE, v:1, k:ed@santo, mode:EDIT
2026-07-05 10:59:03, MOVE, v:1, k:ed@santo, mode:EDIT
2026-07-05 11:03:51, MOVE, v:1, k:ed@santo, mode:EDIT
2026-07-05 11:04:34, EXEC, v:1, k:ed@santo, mode:FULL, size:36, fail:COMP
2026-07-05 11:04:59, EXEC, v:1, k:ed@santo, mode:FULL, rate:100, size:36
2026-07-05 11:05:01, MOVE, v:1, k:ed@santo, mode:BACK
2026-07-05 11:05:07, SELF, v:1, k:ed@santo, self:1, rate:100, concept:1, problem:1
2026-07-05 11:05:20, SELF, v:1, k:ed@santo, self:1, rate:100, study:26, concept:1, problem:1
2026-07-05 11:05:27, MOVE, v:1, k:ed@bitcoin, mode:DOWN
2026-07-05 11:05:28, MOVE, v:1, k:ed@bitcoin, mode:PICK
2026-07-05 11:04:59, MOVE, v:1, k:ed@santo, mode:EDIT
2026-07-05 11:05:27, MOVE, v:1, k:ed@bitcoin, mode:EDIT
2026-07-05 11:05:27, MOVE, v:1, k:ed@bitcoin, mode:EDIT
2026-07-05 12:36:27, MOVE, v:1, k:ed@bitcoin, mode:EDIT
2026-07-05 12:38:24, EXEC, v:1, k:ed@bitcoin, mode:FULL, rate:100, size:17
2026-07-05 12:38:32, MOVE, v:1, k:ed@bitcoin, mode:BACK
2026-07-05 12:38:36, MOVE, v:1, k:ed@bitcoin, mode:PICK
2026-07-05 12:38:37, EXEC, v:1, k:ed@bitcoin, mode:FULL, rate:100
2026-07-05 12:38:38, MOVE, v:1, k:ed@bitcoin, mode:BACK
2026-07-05 12:38:54, SELF, v:1, k:ed@bitcoin, self:1, rate:100, study:7
2026-07-05 12:40:36, MOVE, v:1, k:ed@sudoku, mode:PICK
2026-07-05 12:38:18, MOVE, v:1, k:ed@bitcoin, mode:EDIT
2026-07-05 12:45:40, MOVE, v:1, k:ed@sudoku, mode:BACK
2026-07-05 12:45:43, MOVE, v:1, k:ed@n_rainhas, mode:PICK
2026-07-05 13:38:41, MOVE, v:1, k:ed@n_rainhas, mode:BACK
