2026-07-04 09:36:53, MOVE, v:1, k:ed@lista_d1, mode:PICK
2026-07-04 09:37:25, EXEC, v:1, k:ed@lista_d1, mode:FULL, rate:100
2026-07-04 09:40:43, MOVE, v:1, k:ed@lista_d1, mode:BACK
2026-07-04 09:40:47, MOVE, v:1, k:ed@lista_d1, mode:DOWN
2026-07-04 09:40:50, MOVE, v:1, k:ed@lista_d1, mode:PICK
2026-07-04 09:40:47, MOVE, v:1, k:ed@lista_d1, mode:EDIT
2026-07-04 09:45:24, MOVE, v:1, k:ed@lista_d1, mode:EDIT
2026-07-04 09:50:28, EXEC, v:1, k:ed@lista_d1, mode:FULL, size:98, fail:COMP
2026-07-04 09:50:27, MOVE, v:1, k:ed@lista_d1, mode:EDIT
2026-07-04 09:51:05, EXEC, v:1, k:ed@lista_d1, mode:FULL, size:100, fail:COMP
2026-07-04 09:52:16, EXEC, v:1, k:ed@lista_d1, mode:FULL, size:100, fail:COMP
2026-07-04 09:53:11, EXEC, v:1, k:ed@lista_d1, mode:FULL, rate:14, size:100
2026-07-04 09:53:10, MOVE, v:1, k:ed@lista_d1, mode:EDIT
2026-07-04 10:00:32, MOVE, v:1, k:ed@lista_d1, mode:EDIT
2026-07-04 10:01:18, EXEC, v:1, k:ed@lista_d1, mode:FULL, rate:14, size:117
2026-07-04 10:01:39, EXEC, v:1, k:ed@lista_d1, mode:FULL, rate:14, size:117
2026-07-04 10:02:24, EXEC, v:1, k:ed@lista_d1, mode:FULL, rate:14, size:119
2026-07-04 10:04:35, EXEC, v:1, k:ed@lista_d1, mode:FULL, rate:14, size:118
2026-07-04 10:04:57, EXEC, v:1, k:ed@lista_d1, mode:FULL, rate:14, size:118
2026-07-04 10:04:56, MOVE, v:1, k:ed@lista_d1, mode:EDIT
2026-07-04 10:06:12, EXEC, v:1, k:ed@lista_d1, mode:FULL, rate:14, size:119
2026-07-04 10:06:44, EXEC, v:1, k:ed@lista_d1, mode:FULL, rate:14
2026-07-04 10:06:42, MOVE, v:1, k:ed@lista_d1, mode:EDIT
2026-07-04 10:12:05, EXEC, v:1, k:ed@lista_d1, mode:FULL, rate:42, size:121
2026-07-04 10:15:39, EXEC, v:1, k:ed@lista_d1, mode:FULL, rate:57, size:136
2026-07-04 10:15:38, MOVE, v:1, k:ed@lista_d1, mode:EDIT
2026-07-04 10:16:56, EXEC, v:1, k:ed@lista_d1, mode:FULL, rate:71, size:142
2026-07-04 10:20:23, MOVE, v:1, k:ed@lista_d1, mode:EDIT
2026-07-04 10:22:26, EXEC, v:1, k:ed@lista_d1, mode:FULL, rate:71, size:156
2026-07-04 10:22:45, EXEC, v:1, k:ed@lista_d1, mode:FULL, rate:85, size:156
2026-07-04 10:25:01, EXEC, v:1, k:ed@lista_d1, mode:FULL, rate:100, size:170
2026-07-04 10:25:02, MOVE, v:1, k:ed@lista_d1, mode:BACK
2026-07-04 10:25:43, SELF, v:1, k:ed@lista_d1, self:1, rate:100, study:112, concept:1, refactor:1
2026-07-04 10:24:59, MOVE, v:1, k:ed@lista_d1, mode:EDIT
2026-07-04 10:30:37, MOVE, v:1, k:ed@lista_d3, mode:PICK
2026-07-04 10:32:39, MOVE, v:1, k:ed@lista_d3, mode:BACK
2026-07-04 10:32:59, MOVE, v:1, k:ed@lista_d3, mode:PICK
2026-07-04 10:33:20, MOVE, v:1, k:ed@lista_d3, mode:BACK
2026-07-04 10:38:18, MOVE, v:1, k:ed@serial, mode:PICK
2026-07-04 10:39:11, MOVE, v:1, k:ed@serial, mode:BACK
2026-07-04 10:39:13, MOVE, v:1, k:ed@formatada, mode:PICK
2026-07-04 10:40:21, MOVE, v:1, k:ed@formatada, mode:BACK
2026-07-04 10:40:22, MOVE, v:1, k:ed@inverter, mode:PICK
2026-07-04 10:40:41, MOVE, v:1, k:ed@inverter, mode:BACK
2026-07-04 10:40:43, MOVE, v:1, k:ed@clonar, mode:PICK
2026-07-04 10:41:02, MOVE, v:1, k:ed@clonar, mode:BACK
2026-07-04 10:41:04, MOVE, v:1, k:ed@soma, mode:PICK
2026-07-04 10:41:27, MOVE, v:1, k:ed@soma, mode:BACK
2026-07-04 10:41:29, MOVE, v:1, k:ed@altura, mode:PICK
2026-07-04 10:41:55, MOVE, v:1, k:ed@altura, mode:BACK
2026-07-04 10:41:57, MOVE, v:1, k:ed@compare, mode:PICK
2026-07-04 10:41:58, EXEC, v:1, k:ed@compare, mode:FULL, rate:100
2026-07-04 10:42:22, MOVE, v:1, k:ed@compare, mode:BACK
2026-07-04 10:42:29, MOVE, v:1, k:ed@arvore-path, mode:PICK
2026-07-04 10:43:09, MOVE, v:1, k:ed@arvore-path, mode:BACK
2026-07-04 10:43:11, MOVE, v:1, k:ed@bst_insert, mode:PICK
2026-07-04 10:43:41, MOVE, v:1, k:ed@bst_insert, mode:BACK
2026-07-04 10:43:42, MOVE, v:1, k:ed@bst_serial, mode:PICK
2026-07-04 10:44:06, MOVE, v:1, k:ed@bst_serial, mode:BACK
2026-07-04 10:44:08, MOVE, v:1, k:ed@bst_remove, mode:PICK
2026-07-04 10:44:32, MOVE, v:1, k:ed@bst_remove, mode:BACK
2026-07-04 10:44:10, MOVE, v:1, k:ed@bst_remove, mode:EDIT
2026-07-04 10:46:51, MOVE, v:1, k:ed@dfs_read, mode:PICK
2026-07-04 10:46:52, MOVE, v:1, k:ed@dfs_read, mode:BACK
2026-07-04 10:46:54, MOVE, v:1, k:ed@ilhas, mode:PICK
2026-07-04 10:47:58, MOVE, v:1, k:ed@ilhas, mode:BACK
2026-07-04 10:48:01, MOVE, v:1, k:ed@cercado, mode:PICK
2026-07-04 10:48:41, MOVE, v:1, k:ed@cercado, mode:BACK
2026-07-04 10:48:43, MOVE, v:1, k:ed@pintura, mode:PICK
2026-07-04 10:49:41, MOVE, v:1, k:ed@pintura, mode:BACK
2026-07-04 10:49:43, MOVE, v:1, k:ed@longest, mode:PICK
2026-07-04 10:50:11, MOVE, v:1, k:ed@longest, mode:BACK
2026-07-04 10:50:12, MOVE, v:1, k:ed@battleship, mode:PICK
2026-07-04 10:53:15, MOVE, v:1, k:ed@battleship, mode:BACK
2026-07-04 13:13:00, MOVE, v:1, k:ed@lista_d3, mode:PICK
2026-07-04 13:14:15, MOVE, v:1, k:ed@lista_d3, mode:BACK
2026-07-04 13:14:20, MOVE, v:1, k:ed@editor, mode:PICK
2026-07-04 13:15:17, MOVE, v:1, k:ed@editor, mode:BACK
2026-07-04 13:16:08, MOVE, v:1, k:ed@bst_remove, mode:PICK
2026-07-04 13:16:25, MOVE, v:1, k:ed@bst_remove, mode:BACK
2026-07-04 13:16:50, MOVE, v:1, k:ed@bst_remove, mode:PICK
2026-07-04 13:17:19, MOVE, v:1, k:ed@bst_remove, mode:BACK
2026-07-04 13:17:24, MOVE, v:1, k:ed@bst_remove, mode:DOWN
2026-07-04 13:17:27, MOVE, v:1, k:ed@bst_remove, mode:PICK
2026-07-04 13:17:24, MOVE, v:1, k:ed@bst_remove, mode:EDIT
2026-07-04 13:21:04, MOVE, v:1, k:ed@bst_remove, mode:EDIT
2026-07-04 13:21:26, EXEC, v:1, k:ed@bst_remove, mode:FULL, size:97, fail:COMP
2026-07-04 13:21:56, EXEC, v:1, k:ed@bst_remove, mode:FULL, size:97, fail:COMP
2026-07-04 13:22:14, EXEC, v:1, k:ed@bst_remove, mode:FULL, rate:12, size:97
2026-07-04 13:26:13, MOVE, v:1, k:ed@bst_remove, mode:EDIT
2026-07-04 13:26:21, EXEC, v:1, k:ed@bst_remove, mode:FULL, rate:0, size:116
2026-07-04 13:27:54, EXEC, v:1, k:ed@bst_remove, mode:FULL, rate:0, size:118
2026-07-04 13:28:47, EXEC, v:1, k:ed@bst_remove, mode:FULL, rate:12, size:126
2026-07-04 13:28:46, MOVE, v:1, k:ed@bst_remove, mode:EDIT
2026-07-04 13:33:24, EXEC, v:1, k:ed@bst_remove, mode:FULL, rate:12, size:130
2026-07-04 13:33:51, EXEC, v:1, k:ed@bst_remove, mode:FULL, rate:100, size:132
2026-07-04 13:33:52, MOVE, v:1, k:ed@bst_remove, mode:BACK
2026-07-04 13:33:54, MOVE, v:1, k:ed@bst_remove, mode:PICK
2026-07-04 13:33:55, EXEC, v:1, k:ed@bst_remove, mode:FULL, rate:100
2026-07-04 13:34:02, MOVE, v:1, k:ed@bst_remove, mode:BACK
2026-07-04 13:34:13, SELF, v:1, k:ed@bst_remove, self:1, rate:100, study:43, concept:1, refactor:1
2026-07-04 13:34:21, SELF, v:1, k:ed@bst_remove, self:1, rate:100, study:43, concept:1, refactor:1
2026-07-04 13:34:22, MOVE, v:1, k:ed@bst_remove, mode:PICK
2026-07-04 13:34:23, MOVE, v:1, k:ed@bst_remove, mode:BACK
2026-07-04 13:34:27, SELF, v:1, k:ed@bst_remove, self:1, rate:100, study:43, concept:1, code:1, refactor:1
2026-07-04 13:34:32, SELF, v:1, k:ed@bst_remove, self:1, rate:100, study:43, concept:1, refactor:1
2026-07-04 13:34:39, SELF, v:1, k:ed@altura, self:1, rate:100, concept:1
2026-07-04 13:34:40, MOVE, v:1, k:ed@altura, mode:PICK
2026-07-04 13:34:40, MOVE, v:1, k:ed@altura, mode:BACK
2026-07-04 13:34:45, SELF, v:1, k:ed@altura, self:1, rate:100, concept:1, problem:1
2026-07-04 13:34:58, SELF, v:1, k:ed@longest, self:1, rate:100, concept:1
2026-07-04 13:35:03, SELF, v:1, k:ed@longest, self:1, rate:100, concept:1, code:1
2026-07-04 13:35:15, SELF, v:1, k:ed@lista_d3, self:1, rate:100
2026-07-04 13:35:20, SELF, v:1, k:ed@editor, self:1, rate:100
2026-07-04 13:35:25, SELF, v:1, k:ed@editor, self:1, rate:100, code:1
2026-07-04 13:33:50, MOVE, v:1, k:ed@bst_remove, mode:EDIT
