2026-07-02 06:35:10, MOVE, v:1, k:ed@treinando, mode:PICK
2026-07-02 06:35:11, EXEC, v:1, k:ed@treinando, mode:FULL, rate:66
2026-07-02 06:36:05, EXEC, v:1, k:ed@treinando, mode:FULL, rate:66, size:122
2026-07-02 06:37:29, EXEC, v:1, k:ed@treinando, mode:FULL, rate:83, size:122
2026-07-02 06:39:38, MOVE, v:1, k:ed@treinando, mode:EDIT
2026-07-02 06:45:02, MOVE, v:1, k:ed@treinando, mode:EDIT
2026-07-02 06:45:25, EXEC, v:1, k:ed@treinando, mode:FULL, size:137, fail:COMP
2026-07-02 06:46:00, EXEC, v:1, k:ed@treinando, mode:FULL, size:141, fail:COMP
2026-07-02 06:46:02, EXEC, v:1, k:ed@treinando, mode:FULL, fail:COMP
2026-07-02 06:46:21, EXEC, v:1, k:ed@treinando, mode:FULL, rate:100, size:141
2026-07-02 06:46:22, MOVE, v:1, k:ed@treinando, mode:BACK
2026-07-02 06:46:28, SELF, v:1, k:ed@treinando, self:1, rate:100, concept:1, refactor:1
2026-07-02 06:46:45, MOVE, v:1, k:ed@treinando, mode:PICK
2026-07-02 06:46:46, EXEC, v:1, k:ed@treinando, mode:FULL, rate:100
2026-07-02 06:46:46, MOVE, v:1, k:ed@treinando, mode:BACK
2026-07-02 06:47:06, SELF, v:1, k:ed@treinando, self:1, rate:100, study:163, concept:1, refactor:1
2026-07-02 06:48:00, MOVE, v:1, k:ed@baruel, mode:PICK
2026-07-02 06:48:51, EXEC, v:1, k:ed@baruel, mode:FULL, rate:100
2026-07-02 06:48:53, MOVE, v:1, k:ed@baruel, mode:BACK
2026-07-02 06:49:25, MOVE, v:1, k:ed@baruel, mode:DOWN
2026-07-02 06:49:26, MOVE, v:1, k:ed@baruel, mode:PICK
2026-07-02 06:51:20, EXEC, v:1, k:ed@baruel, mode:FULL, size:6, fail:COMP
2026-07-02 06:51:25, MOVE, v:1, k:ed@baruel, mode:BACK
2026-07-02 06:51:26, MOVE, v:1, k:ed@baruel, mode:PICK
2026-07-02 06:49:25, MOVE, v:1, k:ed@baruel, mode:EDIT
2026-07-02 06:54:07, MOVE, v:1, k:ed@baruel, mode:EDIT
2026-07-02 06:58:15, MOVE, v:1, k:ed@baruel, mode:EDIT
2026-07-02 07:04:13, MOVE, v:1, k:ed@baruel, mode:EDIT
2026-07-02 07:04:46, EXEC, v:1, k:ed@baruel, mode:FULL, rate:0, size:30
2026-07-02 07:05:12, EXEC, v:1, k:ed@baruel, mode:FULL, rate:0, size:30
2026-07-02 07:06:13, EXEC, v:1, k:ed@baruel, mode:FULL, rate:0, size:30
2026-07-02 07:06:23, EXEC, v:1, k:ed@baruel, mode:FULL, rate:0, size:30
2026-07-02 07:06:55, EXEC, v:1, k:ed@baruel, mode:FULL, rate:0, size:30
2026-07-02 07:06:54, MOVE, v:1, k:ed@baruel, mode:EDIT
2026-07-02 07:09:34, EXEC, v:1, k:ed@baruel, mode:FULL, rate:0, size:32
2026-07-02 07:12:49, EXEC, v:1, k:ed@baruel, mode:FULL, rate:100, size:45
2026-07-02 07:12:51, MOVE, v:1, k:ed@baruel, mode:BACK
2026-07-02 07:13:06, SELF, v:1, k:ed@baruel, self:1, rate:100, study:180, friend:nao, refactor:1
2026-07-02 07:12:49, MOVE, v:1, k:ed@baruel, mode:EDIT
2026-07-02 07:17:46, MOVE, v:1, k:ed@polonesa, mode:PICK
2026-07-02 07:18:15, MOVE, v:1, k:ed@polonesa, mode:BACK
2026-07-02 07:20:24, MOVE, v:1, k:ed@polonesa, mode:PICK
2026-07-02 07:21:28, MOVE, v:1, k:ed@polonesa, mode:BACK
2026-07-02 07:21:35, MOVE, v:1, k:ed@polonesa, mode:DOWN
2026-07-02 07:21:36, MOVE, v:1, k:ed@polonesa, mode:PICK
2026-07-02 07:21:35, MOVE, v:1, k:ed@polonesa, mode:EDIT
2026-07-02 07:23:48, MOVE, v:1, k:ed@polonesa, mode:EDIT
2026-07-02 07:28:21, EXEC, v:1, k:ed@polonesa, mode:FULL, size:79, fail:COMP
2026-07-02 07:29:10, EXEC, v:1, k:ed@polonesa, mode:FULL, size:84, fail:COMP
2026-07-02 07:29:09, MOVE, v:1, k:ed@polonesa, mode:EDIT
2026-07-02 07:29:25, EXEC, v:1, k:ed@polonesa, mode:FULL, rate:100, size:86
2026-07-02 07:29:26, MOVE, v:1, k:ed@polonesa, mode:BACK
2026-07-02 07:29:40, SELF, v:1, k:ed@polonesa, self:1, rate:100, study:75, concept:1, refactor:1
2026-07-02 07:29:55, MOVE, v:1, k:ed@chaves, mode:PICK
2026-07-02 07:30:45, EXEC, v:1, k:ed@chaves, mode:FULL, size:68, fail:COMP
2026-07-02 07:31:01, EXEC, v:1, k:ed@chaves, mode:FULL, rate:100, size:68
2026-07-02 07:31:03, MOVE, v:1, k:ed@chaves, mode:BACK
2026-07-02 07:32:37, MOVE, v:1, k:ed@chaves, mode:DOWN
2026-07-02 07:32:38, MOVE, v:1, k:ed@chaves, mode:PICK
2026-07-02 07:33:08, EXEC, v:1, k:ed@chaves, mode:FULL, rate:0, size:47
2026-07-02 07:29:25, MOVE, v:1, k:ed@polonesa, mode:EDIT
2026-07-02 07:32:37, MOVE, v:1, k:ed@chaves, mode:EDIT
2026-07-02 07:32:37, MOVE, v:1, k:ed@chaves, mode:EDIT
2026-07-02 07:34:16, MOVE, v:1, k:ed@chaves, mode:EDIT
2026-07-02 07:37:37, MOVE, v:1, k:ed@chaves, mode:EDIT
2026-07-02 07:37:11, MOVE, v:1, k:ed@chaves, mode:EDIT
2026-07-02 07:44:16, MOVE, v:1, k:ed@chaves, mode:EDIT
2026-07-02 07:45:15, EXEC, v:1, k:ed@chaves, mode:FULL, size:68, fail:COMP
2026-07-02 07:45:34, EXEC, v:1, k:ed@chaves, mode:FULL, rate:0, size:68
2026-07-02 07:45:52, EXEC, v:1, k:ed@chaves, mode:FULL, rate:100, size:68
2026-07-02 07:45:54, MOVE, v:1, k:ed@chaves, mode:BACK
2026-07-02 07:46:00, SELF, v:1, k:ed@chaves, self:1, rate:100, concept:1, problem:1, refactor:1
2026-07-02 07:46:13, SELF, v:1, k:ed@chaves, self:1, rate:100, study:60, concept:1, problem:1, refactor:1
