2026-03-30 10:54:23, MOVE, v:1, k:ed@buscas, mode:DOWN
2026-03-30 10:54:28, MOVE, v:1, k:ed@buscas, mode:PICK
2026-03-30 10:56:41, EXEC, v:1, k:ed@buscas, mode:FULL, rate:0, size:5
2026-03-30 10:56:41, EXEC, v:1, k:ed@buscas, mode:FULL, rate:0, size:5
2026-03-30 10:57:04, EXEC, v:1, k:ed@buscas, mode:FULL, rate:0, size:5
2026-03-30 11:04:34, EXEC, v:1, k:ed@buscas, mode:FULL, size:20, fail:COMP
2026-03-30 11:04:53, EXEC, v:1, k:ed@buscas, mode:FULL, rate:0, size:20
2026-03-30 11:05:18, EXEC, v:1, k:ed@buscas, mode:FULL, rate:0, size:20
2026-03-30 11:14:58, MOVE, v:1, k:ed@buscas, mode:PICK
2026-03-30 11:14:59, EXEC, v:1, k:ed@buscas, mode:FULL, rate:0
2026-03-30 15:46:40, MOVE, v:1, k:ed@buscas, mode:PICK
2026-03-30 15:47:23, MOVE, v:1, k:ed@buscas, mode:BACK
2026-03-30 15:47:26, MOVE, v:1, k:ed@apagando, mode:PICK
2026-03-30 15:47:31, MOVE, v:1, k:ed@apagando, mode:BACK
2026-03-30 15:47:34, MOVE, v:1, k:ed@buscas, mode:PICK
2026-03-30 16:02:42, EXEC, v:1, k:ed@buscas, mode:FULL, size:34, fail:COMP
2026-03-30 16:02:52, EXEC, v:1, k:ed@buscas, mode:FULL, size:34, fail:COMP
2026-03-30 16:03:16, EXEC, v:1, k:ed@buscas, mode:FULL, size:34, fail:COMP
2026-03-30 16:03:20, EXEC, v:1, k:ed@buscas, mode:FULL, fail:COMP
2026-03-30 16:03:21, EXEC, v:1, k:ed@buscas, mode:FULL, fail:COMP
2026-03-30 16:03:22, EXEC, v:1, k:ed@buscas, mode:FULL, fail:COMP
2026-03-30 16:03:31, EXEC, v:1, k:ed@buscas, mode:FULL, size:34, fail:COMP
2026-03-30 16:04:02, EXEC, v:1, k:ed@buscas, mode:FULL, size:34, fail:COMP
2026-03-30 16:04:55, MOVE, v:1, k:ed@buscas, mode:BACK
2026-03-30 16:05:11, MOVE, v:1, k:ed@buscas, mode:PICK
2026-03-30 16:05:14, EXEC, v:1, k:ed@buscas, mode:FULL, fail:COMP
2026-03-30 16:14:13, EXEC, v:1, k:ed@buscas, mode:FULL, size:35, fail:COMP
2026-03-30 16:14:32, EXEC, v:1, k:ed@buscas, mode:FULL, size:35, fail:COMP
2026-03-30 16:14:38, EXEC, v:1, k:ed@buscas, mode:FULL, size:35, fail:COMP
2026-03-30 16:15:22, EXEC, v:1, k:ed@buscas, mode:FULL, size:35, fail:COMP
2026-03-30 16:15:52, EXEC, v:1, k:ed@buscas, mode:FULL, size:35, fail:COMP
2026-03-30 16:16:06, EXEC, v:1, k:ed@buscas, mode:FULL, size:35, fail:COMP
2026-03-30 16:18:27, EXEC, v:1, k:ed@buscas, mode:FULL, rate:0, size:32
2026-03-30 16:23:49, EXEC, v:1, k:ed@buscas, mode:FULL, size:32, fail:COMP
2026-03-30 16:24:17, EXEC, v:1, k:ed@buscas, mode:FULL, rate:0, size:32
2026-03-30 16:24:26, EXEC, v:1, k:ed@buscas, mode:FULL, rate:0, size:32
2026-03-30 16:27:02, EXEC, v:1, k:ed@buscas, mode:FULL, rate:0, size:36
2026-03-30 16:28:40, EXEC, v:1, k:ed@buscas, mode:FULL, size:41, fail:COMP
2026-03-30 16:29:22, EXEC, v:1, k:ed@buscas, mode:FULL, rate:0, size:36
2026-03-30 16:29:47, EXEC, v:1, k:ed@buscas, mode:FULL, rate:0, size:37
2026-03-30 16:30:49, EXEC, v:1, k:ed@buscas, mode:FULL, size:40, fail:COMP
2026-03-30 16:33:30, EXEC, v:1, k:ed@buscas, mode:FULL, size:40, fail:COMP
2026-03-30 16:35:52, EXEC, v:1, k:ed@buscas, mode:FULL, rate:0, size:40
2026-03-30 16:40:26, EXEC, v:1, k:ed@buscas, mode:FULL, rate:0, size:47
2026-03-30 16:52:03, EXEC, v:1, k:ed@buscas, mode:FULL, rate:0, size:46
2026-03-30 16:54:19, EXEC, v:1, k:ed@buscas, mode:FULL, size:41, fail:COMP
2026-03-30 16:54:28, EXEC, v:1, k:ed@buscas, mode:FULL, rate:0, size:41
2026-03-30 16:56:38, MOVE, v:1, k:ed@buscas, mode:BACK
2026-03-30 17:02:19, MOVE, v:1, k:ed@buscas, mode:PICK
2026-03-30 17:03:09, EXEC, v:1, k:ed@buscas, mode:FULL, rate:0, size:42
2026-03-30 17:03:39, EXEC, v:1, k:ed@buscas, mode:FULL, rate:0, size:42
2026-03-30 17:04:10, EXEC, v:1, k:ed@buscas, mode:FULL, rate:0, size:42
2026-03-30 17:04:41, EXEC, v:1, k:ed@buscas, mode:FULL, rate:0, size:42
2026-03-30 17:04:56, EXEC, v:1, k:ed@buscas, mode:FULL, rate:0, size:42
2026-03-30 17:06:07, EXEC, v:1, k:ed@buscas, mode:FULL, rate:44, size:43
2026-03-30 17:06:32, EXEC, v:1, k:ed@buscas, mode:FULL, rate:55, size:44
2026-03-30 17:06:54, EXEC, v:1, k:ed@buscas, mode:FULL, rate:0, size:44
2026-03-30 17:10:21, EXEC, v:1, k:ed@buscas, mode:FULL, rate:0, size:43
2026-03-30 17:10:50, EXEC, v:1, k:ed@buscas, mode:FULL, rate:0, size:43
2026-03-30 20:18:31, MOVE, v:1, k:ed@buscas, mode:PICK
2026-03-30 20:18:32, EXEC, v:1, k:ed@buscas, mode:FULL, rate:0, size:49
2026-03-30 20:18:47, EXEC, v:1, k:ed@buscas, mode:FULL, rate:0
2026-03-30 20:19:15, EXEC, v:1, k:ed@buscas, mode:FULL, rate:0, size:49
2026-03-30 20:19:32, EXEC, v:1, k:ed@buscas, mode:FULL, rate:100, size:49
2026-03-30 20:19:33, MOVE, v:1, k:ed@buscas, mode:BACK
2026-03-30 20:20:00, SELF, v:1, k:ed@buscas, self:1, rate:100, study:120
2026-03-30 20:20:25, MOVE, v:1, k:ed@rotacoes, mode:DOWN
2026-03-30 20:20:26, MOVE, v:1, k:ed@rotacoes, mode:PICK
2026-03-30 20:21:53, EXEC, v:1, k:ed@rotacoes, mode:FULL, rate:0, size:5
2026-03-30 20:45:23, EXEC, v:1, k:ed@rotacoes, mode:FULL, rate:20, size:23
2026-03-30 20:46:25, EXEC, v:1, k:ed@rotacoes, mode:FULL, rate:100, size:25
2026-03-30 20:46:27, MOVE, v:1, k:ed@rotacoes, mode:BACK
2026-03-30 20:46:49, SELF, v:1, k:ed@rotacoes, self:1, rate:100, study:26, concept:1
2026-03-30 20:47:08, MOVE, v:1, k:ed@alternando, mode:DOWN
2026-03-30 20:47:10, MOVE, v:1, k:ed@alternando, mode:PICK
2026-03-30 20:47:47, MOVE, v:1, k:ed@alternando, mode:BACK
2026-03-30 20:47:49, MOVE, v:1, k:ed@princesa, mode:PICK
2026-03-30 20:56:52, EXEC, v:1, k:ed@princesa, mode:FULL, rate:100
2026-03-30 20:56:56, MOVE, v:1, k:ed@princesa, mode:BACK
2026-03-30 20:57:02, MOVE, v:1, k:ed@alternando, mode:PICK
2026-03-30 20:57:02, EXEC, v:1, k:ed@alternando, mode:FULL, rate:0, size:47
