2026-06-24 10:04:17, MOVE, v:1, k:ed@subset_sum, mode:PICK
2026-06-24 10:05:17, EXEC, v:1, k:ed@subset_sum, mode:FULL, size:33, fail:COMP
2026-06-24 10:05:41, EXEC, v:1, k:ed@subset_sum, mode:FULL, size:33, fail:COMP
2026-06-24 10:05:53, EXEC, v:1, k:ed@subset_sum, mode:FULL, rate:52, size:34
2026-06-24 10:06:21, EXEC, v:1, k:ed@subset_sum, mode:FULL, rate:100, size:38
2026-06-24 10:06:23, MOVE, v:1, k:ed@subset_sum, mode:BACK
2026-06-24 10:06:32, MOVE, v:1, k:ed@subset_sum, mode:PICK
2026-06-24 10:06:33, EXEC, v:1, k:ed@subset_sum, mode:FULL, rate:100
2026-06-24 10:06:34, MOVE, v:1, k:ed@subset_sum, mode:BACK
2026-06-24 10:07:00, SELF, v:1, k:ed@subset_sum, self:1, rate:100, concept:1, refactor:1
2026-06-24 10:07:14, MOVE, v:1, k:ed@wordsearch, mode:PICK
2026-06-24 10:06:20, MOVE, v:1, k:ed@subset_sum, mode:EDIT
2026-06-24 10:17:40, MOVE, v:1, k:ed@wordsearch, mode:EDIT
2026-06-24 10:19:29, MOVE, v:1, k:ed@wordsearch, mode:BACK
2026-06-24 10:23:22, MOVE, v:1, k:ed@wordsearch, mode:EDIT
2026-06-24 10:27:42, MOVE, v:1, k:ed@wordsearch, mode:PICK
2026-06-24 10:27:43, EXEC, v:1, k:ed@wordsearch, mode:FULL, size:92, fail:COMP
2026-06-24 10:28:29, EXEC, v:1, k:ed@wordsearch, mode:FULL, size:92, fail:COMP
2026-06-24 10:28:47, EXEC, v:1, k:ed@wordsearch, mode:FULL, rate:0, size:94
2026-06-24 10:29:14, MOVE, v:1, k:ed@wordsearch, mode:EDIT
2026-06-24 10:29:43, EXEC, v:1, k:ed@wordsearch, mode:FULL, rate:0, size:98
2026-06-24 10:31:02, EXEC, v:1, k:ed@wordsearch, mode:FULL, rate:0, size:98
2026-06-24 10:32:01, EXEC, v:1, k:ed@wordsearch, mode:FULL, rate:0, size:103
2026-06-24 10:32:59, EXEC, v:1, k:ed@wordsearch, mode:FULL, rate:0, size:98
2026-06-24 10:33:27, EXEC, v:1, k:ed@wordsearch, mode:FULL, rate:75, size:99
2026-06-24 10:33:26, MOVE, v:1, k:ed@wordsearch, mode:EDIT
2026-06-24 10:34:42, EXEC, v:1, k:ed@wordsearch, mode:FULL, rate:75, size:99
2026-06-24 10:36:57, EXEC, v:1, k:ed@wordsearch, mode:FULL, rate:75, size:104
2026-06-24 10:37:52, EXEC, v:1, k:ed@wordsearch, mode:FULL, rate:100, size:104
2026-06-24 10:37:54, MOVE, v:1, k:ed@wordsearch, mode:BACK
2026-06-24 10:38:04, SELF, v:1, k:ed@wordsearch, self:1, rate:100, concept:1, refactor:1
2026-06-24 10:38:09, MOVE, v:1, k:ed@permutacoes, mode:PICK
2026-06-24 10:38:35, MOVE, v:1, k:ed@permutacoes, mode:BACK
2026-06-24 10:37:52, MOVE, v:1, k:ed@wordsearch, mode:EDIT
2026-06-24 10:45:21, MOVE, v:1, k:ed@permutacoes, mode:PICK
2026-06-24 10:45:24, MOVE, v:1, k:ed@permutacoes, mode:BACK
2026-06-24 10:46:34, MOVE, v:1, k:ed@permutacoes, mode:DOWN
2026-06-24 10:47:06, MOVE, v:1, k:ed@permutacoes, mode:PICK
2026-06-24 10:46:34, MOVE, v:1, k:ed@permutacoes, mode:EDIT
2026-06-24 10:47:12, MOVE, v:1, k:ed@permutacoes, mode:EDIT
2026-06-24 10:53:28, MOVE, v:1, k:ed@permutacoes, mode:EDIT
2026-06-24 10:55:25, MOVE, v:1, k:ed@permutacoes, mode:BACK
2026-06-24 10:56:43, MOVE, v:1, k:ed@permutacoes, mode:PICK
2026-06-24 10:56:44, MOVE, v:1, k:ed@permutacoes, mode:BACK
2026-06-24 10:58:28, MOVE, v:1, k:ed@permutacoes, mode:PICK
2026-06-24 10:58:32, EXEC, v:1, k:ed@permutacoes, mode:FULL, size:16, fail:COMP
2026-06-24 10:59:02, MOVE, v:1, k:ed@permutacoes, mode:EDIT
2026-06-24 11:03:51, MOVE, v:1, k:ed@permutacoes, mode:EDIT
2026-06-24 11:05:56, EXEC, v:1, k:ed@permutacoes, mode:FULL, size:25, fail:COMP
2026-06-24 11:07:10, EXEC, v:1, k:ed@permutacoes, mode:FULL, size:29, fail:COMP
2026-06-24 11:07:18, EXEC, v:1, k:ed@permutacoes, mode:FULL, rate:0, size:29
2026-06-24 11:08:01, MOVE, v:1, k:ed@permutacoes, mode:EDIT
2026-06-24 11:10:40, EXEC, v:1, k:ed@permutacoes, mode:FULL, rate:20, size:40
2026-06-24 11:11:07, MOVE, v:1, k:ed@permutacoes, mode:BACK
2026-06-24 11:11:08, MOVE, v:1, k:ed@permutacoes, mode:PICK
2026-06-24 11:11:13, EXEC, v:1, k:ed@permutacoes, mode:FULL, rate:20
2026-06-24 11:11:37, EXEC, v:1, k:ed@permutacoes, mode:FULL, rate:20, size:42
2026-06-24 11:12:37, EXEC, v:1, k:ed@permutacoes, mode:FULL, rate:20, size:42
2026-06-24 11:13:42, EXEC, v:1, k:ed@permutacoes, mode:FULL, rate:20
2026-06-24 11:12:36, MOVE, v:1, k:ed@permutacoes, mode:EDIT
2026-06-24 11:14:31, EXEC, v:1, k:ed@permutacoes, mode:FULL, rate:100, size:40
2026-06-24 11:14:33, MOVE, v:1, k:ed@permutacoes, mode:BACK
2026-06-24 11:14:42, SELF, v:1, k:ed@permutacoes, self:1, rate:100, concept:1, refactor:1
2026-06-24 11:15:00, MOVE, v:1, k:ed@distancia, mode:PICK
2026-06-24 11:14:30, MOVE, v:1, k:ed@permutacoes, mode:EDIT
2026-06-24 11:30:28, MOVE, v:1, k:ed@distancia, mode:BACK
2026-06-24 11:30:34, MOVE, v:1, k:ed@distancia, mode:PICK
2026-06-24 12:10:36, MOVE, v:1, k:ed@permutacoes, mode:PICK
2026-06-24 12:15:28, MOVE, v:1, k:ed@distancia, mode:EDIT
2026-06-24 12:19:15, MOVE, v:1, k:ed@distancia, mode:EDIT
2026-06-24 12:21:39, MOVE, v:1, k:ed@distancia, mode:EDIT
2026-06-24 12:30:24, MOVE, v:1, k:ed@distancia, mode:EDIT
2026-06-24 12:31:30, EXEC, v:1, k:ed@permutacoes, mode:FULL, rate:100
2026-06-24 12:31:37, MOVE, v:1, k:ed@permutacoes, mode:BACK
2026-06-24 12:31:47, SELF, v:1, k:ed@permutacoes, self:1, rate:100, concept:1, refactor:1
2026-06-24 12:31:54, MOVE, v:1, k:ed@distancia, mode:PICK
2026-06-24 12:31:55, EXEC, v:1, k:ed@distancia, mode:FULL, size:42, fail:COMP
2026-06-24 12:32:21, EXEC, v:1, k:ed@distancia, mode:FULL, size:42, fail:COMP
2026-06-24 12:32:36, EXEC, v:1, k:ed@distancia, mode:FULL, size:42, fail:COMP
2026-06-24 12:32:35, MOVE, v:1, k:ed@distancia, mode:EDIT
2026-06-24 13:04:59, EXEC, v:1, k:ed@distancia, mode:FULL, fail:COMP
2026-06-24 13:07:43, EXEC, v:1, k:ed@distancia, mode:FULL, fail:COMP
2026-06-24 13:08:01, MOVE, v:1, k:ed@distancia, mode:BACK
2026-06-24 13:08:41, MOVE, v:1, k:ed@distancia, mode:PICK
2026-06-24 13:08:43, EXEC, v:1, k:ed@distancia, mode:FULL, fail:COMP
2026-06-24 13:09:01, EXEC, v:1, k:ed@distancia, mode:FULL, size:43, fail:COMP
2026-06-24 13:09:43, EXEC, v:1, k:ed@distancia, mode:FULL, size:43, fail:COMP
2026-06-24 13:09:41, MOVE, v:1, k:ed@distancia, mode:EDIT
2026-06-24 13:09:51, EXEC, v:1, k:ed@distancia, mode:FULL, rate:0, size:43
2026-06-24 13:11:44, MOVE, v:1, k:ed@distancia, mode:BACK
2026-06-24 13:10:51, MOVE, v:1, k:ed@distancia, mode:EDIT
2026-06-24 13:18:14, MOVE, v:1, k:ed@distancia, mode:PICK
2026-06-24 13:40:25, MOVE, v:1, k:ed@distancia, mode:EDIT
2026-06-24 13:41:48, EXEC, v:1, k:ed@distancia, mode:FULL, size:60, fail:COMP
2026-06-24 13:43:28, EXEC, v:1, k:ed@distancia, mode:FULL, size:60, fail:COMP
2026-06-24 13:43:38, EXEC, v:1, k:ed@distancia, mode:FULL, rate:0, size:60
2026-06-24 13:43:51, EXEC, v:1, k:ed@distancia, mode:FULL, rate:0, size:60
2026-06-24 13:44:43, EXEC, v:1, k:ed@distancia, mode:FULL, rate:100, size:64
2026-06-24 13:44:45, MOVE, v:1, k:ed@distancia, mode:BACK
2026-06-24 13:44:47, MOVE, v:1, k:ed@distancia, mode:PICK
2026-06-24 13:44:48, MOVE, v:1, k:ed@distancia, mode:BACK
2026-06-24 13:44:49, MOVE, v:1, k:ed@distancia, mode:PICK
2026-06-24 13:44:50, EXEC, v:1, k:ed@distancia, mode:FULL, rate:100
2026-06-24 13:44:51, MOVE, v:1, k:ed@distancia, mode:BACK
2026-06-24 13:44:58, SELF, v:1, k:ed@distancia, self:1, rate:100, concept:1
2026-06-24 13:45:04, SELF, v:1, k:ed@distancia, self:1, rate:100, concept:1, debug:1
2026-06-24 16:40:51, MOVE, v:1, k:ed@sudoku, mode:PICK
2026-06-24 18:31:42, MOVE, v:1, k:ed@sudoku, mode:PICK
