2026-05-04 10:13:26, MOVE, v:1, k:ed@balanceada, mode:PICK
2026-05-04 10:13:29, MOVE, v:1, k:ed@balanceada, mode:BACK
2026-05-04 10:16:02, MOVE, v:1, k:ed@balanceada, mode:PICK
2026-05-04 10:22:45, MOVE, v:1, k:ed@balanceada, mode:EDIT
2026-05-04 10:27:14, MOVE, v:1, k:ed@balanceada, mode:EDIT
2026-05-04 10:31:16, MOVE, v:1, k:ed@balanceada, mode:EDIT
2026-05-04 10:37:16, MOVE, v:1, k:ed@balanceada, mode:EDIT
2026-05-04 10:41:22, EXEC, v:1, k:ed@balanceada, mode:FULL, rate:50, size:37
2026-05-04 10:41:38, EXEC, v:1, k:ed@balanceada, mode:FULL, rate:50, size:37
2026-05-04 10:41:37, MOVE, v:1, k:ed@balanceada, mode:EDIT
2026-05-04 10:44:23, MOVE, v:1, k:ed@balanceada, mode:BACK
2026-05-04 10:51:13, MOVE, v:1, k:ed@chaves, mode:PICK
2026-05-04 10:52:49, MOVE, v:1, k:ed@chaves, mode:BACK
2026-05-04 10:52:53, MOVE, v:1, k:ed@lista_d1, mode:PICK
2026-05-04 10:54:21, EXEC, v:1, k:ed@lista_d1, mode:FULL, rate:100
2026-05-04 11:04:08, MOVE, v:1, k:ed@lista_d1, mode:BACK
2026-05-04 11:04:13, MOVE, v:1, k:ed@lista_d2, mode:PICK
2026-05-04 11:02:22, MOVE, v:1, k:ed@lista_d1, mode:EDIT
2026-05-04 11:08:09, MOVE, v:1, k:ed@lista_d2, mode:EDIT
2026-05-04 11:12:20, MOVE, v:1, k:ed@lista_d2, mode:EDIT
2026-05-04 11:18:58, EXEC, v:1, k:ed@lista_d2, mode:FULL, size:129, fail:COMP
2026-05-04 11:18:55, MOVE, v:1, k:ed@lista_d2, mode:EDIT
2026-05-04 11:20:43, EXEC, v:1, k:ed@lista_d2, mode:FULL, size:140, fail:COMP
2026-05-04 11:21:44, EXEC, v:1, k:ed@lista_d2, mode:FULL, size:140, fail:COMP
2026-05-04 11:22:35, EXEC, v:1, k:ed@lista_d2, mode:FULL, rate:0, size:140
2026-05-04 11:23:31, MOVE, v:1, k:ed@lista_d2, mode:EDIT
2026-05-04 15:49:22, MOVE, v:1, k:ed@iterador, mode:PICK
2026-05-04 15:50:55, MOVE, v:1, k:ed@iterador, mode:BACK
2026-05-04 15:51:43, MOVE, v:1, k:ed@editorint, mode:DOWN
2026-05-04 15:51:44, MOVE, v:1, k:ed@editorint, mode:PICK
2026-05-04 15:52:58, EXEC, v:1, k:ed@editorint, mode:FULL, size:259, fail:COMP
2026-05-04 15:53:22, EXEC, v:1, k:ed@editorint, mode:FULL, fail:COMP
2026-05-04 15:51:43, MOVE, v:1, k:ed@editorint, mode:EDIT
2026-05-04 15:51:43, MOVE, v:1, k:ed@editorint, mode:EDIT
2026-05-04 15:51:43, MOVE, v:1, k:ed@editorint, mode:EDIT
2026-05-04 15:51:43, MOVE, v:1, k:ed@editorint, mode:EDIT
2026-05-04 15:51:43, MOVE, v:1, k:ed@editorint, mode:EDIT
2026-05-04 15:53:51, MOVE, v:1, k:ed@editorint, mode:BACK
2026-05-04 15:56:12, EXEC, v:1, k:src@go, mode:FREE, size:259
2026-05-04 15:56:49, EXEC, v:1, k:src@go, mode:FREE
2026-05-04 15:59:06, EXEC, v:1, k:src@go, mode:FREE
2026-05-04 15:59:27, EXEC, v:1, k:src@go, mode:FREE
2026-05-04 16:02:21, MOVE, v:1, k:ed@lista_d2, mode:PICK
2026-05-04 16:02:25, EXEC, v:1, k:ed@lista_d2, mode:FULL, rate:0, size:143
2026-05-04 16:03:07, MOVE, v:1, k:ed@lista_d2, mode:BACK
2026-05-04 16:03:08, MOVE, v:1, k:ed@lista_d1, mode:PICK
2026-05-04 16:03:22, MOVE, v:1, k:ed@lista_d1, mode:BACK
2026-05-04 16:03:24, MOVE, v:1, k:ed@lista_d2, mode:PICK
2026-05-04 16:05:20, MOVE, v:1, k:ed@lista_d2, mode:BACK
2026-05-04 16:05:33, MOVE, v:1, k:ed@editorint, mode:PICK
2026-05-04 16:07:04, MOVE, v:1, k:ed@editorint, mode:BACK
2026-05-04 19:49:11, EXEC, v:1, k:src@go, mode:FREE, size:285
2026-05-04 19:50:00, MOVE, v:1, k:ed@editorint, mode:PICK
2026-05-04 19:50:06, EXEC, v:1, k:ed@editorint, mode:LOCK, rate:0, size:285
2026-05-04 19:50:14, MOVE, v:1, k:ed@editorint, mode:BACK
