2026-04-30 14:30:40, MOVE, v:1, k:ed@bufferring, mode:PICK
2026-04-30 14:30:45, EXEC, v:1, k:ed@bufferring, mode:FULL, rate:0
2026-04-30 14:33:28, EXEC, v:1, k:ed@bufferring, mode:FULL, rate:0, size:145
2026-04-30 14:33:21, MOVE, v:1, k:ed@bufferring, mode:EDIT
2026-04-30 14:38:19, EXEC, v:1, k:ed@bufferring, mode:FULL, rate:0, size:145
2026-04-30 14:40:18, EXEC, v:1, k:ed@bufferring, mode:FULL, rate:0, size:145
2026-04-30 14:40:14, MOVE, v:1, k:ed@bufferring, mode:EDIT
2026-04-30 14:42:20, EXEC, v:1, k:ed@bufferring, mode:FULL, rate:0
2026-04-30 14:48:13, EXEC, v:1, k:ed@bufferring, mode:FULL, size:145, fail:COMP
2026-04-30 14:48:21, EXEC, v:1, k:ed@bufferring, mode:FULL, rate:16, size:146
2026-04-30 14:48:20, MOVE, v:1, k:ed@bufferring, mode:EDIT
2026-04-30 14:53:44, MOVE, v:1, k:ed@bufferring, mode:EDIT
2026-04-30 14:57:04, EXEC, v:1, k:ed@bufferring, mode:FULL, size:154, fail:COMP
2026-04-30 14:57:16, EXEC, v:1, k:ed@bufferring, mode:FULL, rate:33, size:157
2026-04-30 15:00:09, MOVE, v:1, k:ed@bufferring, mode:EDIT
2026-04-30 15:02:19, EXEC, v:1, k:ed@bufferring, mode:FULL, rate:33, size:165
2026-04-30 15:02:55, EXEC, v:1, k:ed@bufferring, mode:FULL, rate:33, size:167
2026-04-30 15:03:10, EXEC, v:1, k:ed@bufferring, mode:FULL, rate:33, size:167
2026-04-30 15:04:24, EXEC, v:1, k:ed@bufferring, mode:FULL, rate:33, size:171
2026-04-30 15:04:43, EXEC, v:1, k:ed@bufferring, mode:FULL, rate:50, size:172
2026-04-30 15:04:42, MOVE, v:1, k:ed@bufferring, mode:EDIT
2026-04-30 15:17:48, MOVE, v:1, k:ed@bufferring, mode:BACK
2026-04-30 15:51:18, MOVE, v:1, k:ed@bufferring, mode:PICK
2026-04-30 15:51:23, EXEC, v:1, k:ed@bufferring, mode:FULL, rate:50
2026-04-30 15:51:58, EXEC, v:1, k:ed@bufferring, mode:FULL, rate:66, size:172
2026-04-30 15:55:07, EXEC, v:1, k:ed@bufferring, mode:FULL, size:181, fail:COMP
2026-04-30 15:55:32, EXEC, v:1, k:ed@bufferring, mode:FULL, size:181, fail:COMP
2026-04-30 15:55:41, EXEC, v:1, k:ed@bufferring, mode:FULL, size:183, fail:COMP
2026-04-30 15:55:41, MOVE, v:1, k:ed@bufferring, mode:EDIT
2026-04-30 15:55:56, EXEC, v:1, k:ed@bufferring, mode:FULL, rate:66, size:183
2026-04-30 15:56:11, EXEC, v:1, k:ed@bufferring, mode:FULL, rate:66, size:183
2026-04-30 15:58:19, EXEC, v:1, k:ed@bufferring, mode:FREE
2026-04-30 16:00:32, EXEC, v:1, k:ed@bufferring, mode:FULL, rate:66, size:183
2026-04-30 16:00:38, EXEC, v:1, k:ed@bufferring, mode:FULL, rate:66, size:183
2026-04-30 16:30:28, MOVE, v:1, k:ed@bufferring, mode:PICK
2026-04-30 16:30:32, EXEC, v:1, k:ed@bufferring, mode:FULL, rate:83, size:183
2026-04-30 16:33:31, MOVE, v:1, k:ed@bufferring, mode:EDIT
2026-04-30 18:43:36, MOVE, v:1, k:ed@bufferring, mode:BACK
2026-04-30 18:43:47, MOVE, v:1, k:ed@bufferring, mode:PICK
2026-04-30 18:44:45, EXEC, v:1, k:ed@bufferring, mode:FULL, size:189, fail:COMP
2026-04-30 18:45:44, EXEC, v:1, k:ed@bufferring, mode:FULL, size:191, fail:COMP
2026-04-30 18:45:58, EXEC, v:1, k:ed@bufferring, mode:FULL, rate:83, size:191
2026-04-30 18:45:57, MOVE, v:1, k:ed@bufferring, mode:EDIT
2026-04-30 18:54:29, EXEC, v:1, k:ed@bufferring, mode:FULL, size:199, fail:COMP
2026-04-30 18:54:32, EXEC, v:1, k:ed@bufferring, mode:FULL, rate:83, size:199
2026-04-30 18:55:03, EXEC, v:1, k:ed@bufferring, mode:FULL, rate:100, size:199
2026-04-30 18:55:05, MOVE, v:1, k:ed@bufferring, mode:BACK
2026-04-30 18:55:33, SELF, v:1, k:ed@bufferring, self:1, rate:100, study:120, concept:1
2026-04-30 20:58:47, MOVE, v:1, k:ed@fila_enc, mode:DOWN
2026-04-30 20:58:48, MOVE, v:1, k:ed@fila_enc, mode:PICK
2026-04-30 20:58:47, MOVE, v:1, k:ed@fila_enc, mode:EDIT
2026-04-30 20:58:47, MOVE, v:1, k:ed@fila_enc, mode:EDIT
2026-04-30 20:58:47, MOVE, v:1, k:ed@fila_enc, mode:EDIT
2026-04-30 21:07:40, EXEC, v:1, k:ed@fila_enc, mode:FULL, rate:0, size:82
2026-04-30 21:08:27, MOVE, v:1, k:ed@fila_enc, mode:EDIT
2026-04-30 21:10:47, MOVE, v:1, k:ed@fila_enc, mode:EDIT
2026-04-30 21:18:03, MOVE, v:1, k:ed@fila_enc, mode:EDIT
2026-04-30 21:24:25, EXEC, v:1, k:ed@fila_enc, mode:FULL, size:96, fail:COMP
2026-04-30 21:25:42, EXEC, v:1, k:ed@fila_enc, mode:FULL, size:97, fail:COMP
2026-04-30 21:27:05, EXEC, v:1, k:ed@fila_enc, mode:FULL, rate:33, size:97
2026-04-30 21:28:10, MOVE, v:1, k:ed@fila_enc, mode:EDIT
2026-04-30 21:33:34, MOVE, v:1, k:ed@fila_enc, mode:EDIT
2026-04-30 21:33:41, EXEC, v:1, k:ed@fila_enc, mode:FULL, size:113, fail:COMP
2026-04-30 21:33:56, EXEC, v:1, k:ed@fila_enc, mode:FULL, rate:66, size:115
2026-04-30 21:37:51, EXEC, v:1, k:ed@fila_enc, mode:FULL, rate:100, size:124
2026-04-30 21:38:05, MOVE, v:1, k:ed@fila_enc, mode:BACK
2026-04-30 21:38:22, SELF, v:1, k:ed@fila_enc, self:1, rate:100, study:39, concept:1
2026-04-30 21:37:46, MOVE, v:1, k:ed@fila_enc, mode:EDIT
2026-04-30 21:39:23, MOVE, v:1, k:ed@fila_enc, mode:PICK
2026-04-30 21:39:26, MOVE, v:1, k:ed@fila_enc, mode:BACK
2026-04-30 21:41:15, MOVE, v:1, k:ed@chaves, mode:DOWN
2026-04-30 21:41:16, MOVE, v:1, k:ed@chaves, mode:PICK
2026-04-30 21:41:27, MOVE, v:1, k:ed@chaves, mode:BACK
2026-04-30 21:41:30, MOVE, v:1, k:ed@fila_enc, mode:PICK
2026-04-30 21:41:33, MOVE, v:1, k:ed@fila_enc, mode:BACK
2026-04-30 21:41:33, MOVE, v:1, k:ed@bufferring, mode:PICK
2026-04-30 21:41:34, MOVE, v:1, k:ed@bufferring, mode:BACK
2026-04-30 21:41:36, MOVE, v:1, k:ed@chaves, mode:PICK
2026-04-30 21:41:42, EXEC, v:1, k:ed@chaves, mode:FULL, rate:0, size:47
2026-04-30 21:41:48, EXEC, v:1, k:ed@chaves, mode:FULL, rate:0
2026-04-30 21:41:54, EXEC, v:1, k:ed@chaves, mode:FULL, rate:0
2026-04-30 21:40:56, MOVE, v:1, k:ed@fila_enc, mode:EDIT
2026-04-30 21:41:45, MOVE, v:1, k:ed@chaves, mode:EDIT
2026-04-30 21:41:15, MOVE, v:1, k:ed@chaves, mode:EDIT
2026-04-30 21:41:15, MOVE, v:1, k:ed@chaves, mode:EDIT
2026-04-30 21:41:15, MOVE, v:1, k:ed@chaves, mode:EDIT
2026-04-30 21:44:42, MOVE, v:1, k:ed@chaves, mode:EDIT
2026-04-30 21:56:28, MOVE, v:1, k:ed@chaves, mode:EDIT
2026-04-30 21:59:21, MOVE, v:1, k:ed@chaves, mode:EDIT
2026-04-30 22:08:22, EXEC, v:1, k:ed@chaves, mode:FULL, size:66, fail:COMP
2026-04-30 22:08:40, EXEC, v:1, k:ed@chaves, mode:FULL, rate:0, size:66
2026-04-30 22:08:39, MOVE, v:1, k:ed@chaves, mode:EDIT
2026-04-30 22:09:37, EXEC, v:1, k:ed@chaves, mode:FULL, size:68, fail:COMP
2026-04-30 22:09:48, EXEC, v:1, k:ed@chaves, mode:FULL, rate:8, size:68
2026-04-30 22:09:47, MOVE, v:1, k:ed@chaves, mode:EDIT
2026-04-30 22:14:18, EXEC, v:1, k:ed@chaves, mode:FULL, rate:100, size:68
2026-04-30 22:14:21, MOVE, v:1, k:ed@chaves, mode:BACK
2026-04-30 22:14:47, SELF, v:1, k:ed@chaves, self:1, rate:100, study:33, concept:1, code:1
2026-04-30 22:15:00, SELF, v:1, k:ed@chaves, self:1, rate:100, study:33, concept:1
2026-04-30 22:15:05, SELF, v:1, k:ed@chaves, self:1, rate:100, study:33, concept:1, code:1
2026-04-30 22:15:05, MOVE, v:1, k:ed@chaves, mode:PICK
2026-04-30 22:15:08, MOVE, v:1, k:ed@chaves, mode:BACK
2026-04-30 22:15:17, MOVE, v:1, k:ed@balanceada, mode:DOWN
2026-04-30 22:15:19, MOVE, v:1, k:ed@balanceada, mode:PICK
2026-04-30 22:15:58, MOVE, v:1, k:ed@balanceada, mode:BACK
2026-04-30 22:16:02, MOVE, v:1, k:ed@caminhao, mode:DOWN
2026-04-30 22:16:03, MOVE, v:1, k:ed@caminhao, mode:PICK
2026-04-30 22:16:43, MOVE, v:1, k:ed@caminhao, mode:BACK
2026-04-30 22:16:45, MOVE, v:1, k:ed@polonesa, mode:DOWN
2026-04-30 22:16:46, MOVE, v:1, k:ed@polonesa, mode:PICK
2026-04-30 22:18:25, MOVE, v:1, k:ed@polonesa, mode:BACK
2026-04-30 22:18:27, MOVE, v:1, k:ed@caminhao, mode:PICK
2026-04-30 22:14:14, MOVE, v:1, k:ed@chaves, mode:EDIT
2026-04-30 22:15:17, MOVE, v:1, k:ed@balanceada, mode:EDIT
2026-04-30 22:15:17, MOVE, v:1, k:ed@balanceada, mode:EDIT
2026-04-30 22:15:17, MOVE, v:1, k:ed@balanceada, mode:EDIT
2026-04-30 22:16:02, MOVE, v:1, k:ed@caminhao, mode:EDIT
2026-04-30 22:16:02, MOVE, v:1, k:ed@caminhao, mode:EDIT
2026-04-30 22:16:02, MOVE, v:1, k:ed@caminhao, mode:EDIT
2026-04-30 22:16:45, MOVE, v:1, k:ed@polonesa, mode:EDIT
2026-04-30 22:16:45, MOVE, v:1, k:ed@polonesa, mode:EDIT
2026-04-30 22:16:45, MOVE, v:1, k:ed@polonesa, mode:EDIT
2026-04-30 22:20:08, MOVE, v:1, k:ed@caminhao, mode:EDIT
2026-04-30 22:28:02, MOVE, v:1, k:ed@caminhao, mode:EDIT
2026-04-30 22:33:40, MOVE, v:1, k:ed@caminhao, mode:EDIT
2026-04-30 22:35:54, EXEC, v:1, k:ed@caminhao, mode:FULL, size:29, fail:COMP
2026-04-30 22:37:50, EXEC, v:1, k:ed@caminhao, mode:FULL, size:35, fail:COMP
2026-04-30 22:38:01, EXEC, v:1, k:ed@caminhao, mode:FULL, rate:100, size:35
2026-04-30 22:38:02, MOVE, v:1, k:ed@caminhao, mode:BACK
2026-04-30 22:38:19, SELF, v:1, k:ed@caminhao, self:1, rate:100, study:18, concept:1, code:1
2026-04-30 22:38:40, MOVE, v:1, k:ed@pilha, mode:DOWN
2026-04-30 22:37:59, MOVE, v:1, k:ed@caminhao, mode:EDIT
2026-04-30 22:38:40, MOVE, v:1, k:ed@pilha, mode:EDIT
2026-04-30 22:38:40, MOVE, v:1, k:ed@pilha, mode:EDIT
2026-04-30 22:38:40, MOVE, v:1, k:ed@pilha, mode:EDIT
2026-04-30 22:38:40, MOVE, v:1, k:ed@pilha, mode:EDIT
2026-04-30 22:38:46, MOVE, v:1, k:ed@queimando, mode:DOWN
2026-04-30 22:38:49, MOVE, v:1, k:ed@pilhado, mode:DOWN
2026-04-30 22:38:50, MOVE, v:1, k:ed@pilha, mode:PICK
2026-04-30 22:38:46, MOVE, v:1, k:ed@queimando, mode:EDIT
2026-04-30 22:38:46, MOVE, v:1, k:ed@queimando, mode:EDIT
2026-04-30 22:38:46, MOVE, v:1, k:ed@queimando, mode:EDIT
2026-04-30 22:38:46, MOVE, v:1, k:ed@queimando, mode:EDIT
2026-04-30 22:38:49, MOVE, v:1, k:ed@pilhado, mode:EDIT
2026-04-30 22:38:49, MOVE, v:1, k:ed@pilhado, mode:EDIT
2026-04-30 22:38:49, MOVE, v:1, k:ed@pilhado, mode:EDIT
2026-04-30 22:38:49, MOVE, v:1, k:ed@pilhado, mode:EDIT
