2026-05-09 06:08:49, MOVE, v:1, k:ed@wordsearch, mode:BACK
2026-05-09 06:09:02, MOVE, v:1, k:ed@wordsearch, mode:PICK
2026-05-09 06:09:04, EXEC, v:1, k:ed@wordsearch, mode:FULL, rate:25
2026-05-09 06:09:05, MOVE, v:1, k:ed@wordsearch, mode:BACK
2026-05-09 06:40:06, MOVE, v:1, k:ed@wordsearch, mode:PICK
2026-05-09 06:40:07, EXEC, v:1, k:ed@wordsearch, mode:FULL, rate:25
2026-05-09 06:48:45, MOVE, v:1, k:ed@wordsearch, mode:EDIT
2026-05-09 06:52:44, MOVE, v:1, k:ed@wordsearch, mode:EDIT
2026-05-09 06:59:35, MOVE, v:1, k:ed@wordsearch, mode:EDIT
2026-05-09 06:59:58, MOVE, v:1, k:ed@wordsearch, mode:EDIT
2026-05-09 07:52:22, MOVE, v:1, k:ed@wordsearch, mode:EDIT
2026-05-09 07:57:47, MOVE, v:1, k:ed@wordsearch, mode:EDIT
2026-05-09 08:00:28, EXEC, v:1, k:ed@wordsearch, mode:FULL, size:110, fail:COMP
2026-05-09 08:00:41, EXEC, v:1, k:ed@wordsearch, mode:FULL, rate:25, size:110
2026-05-09 08:01:34, EXEC, v:1, k:ed@wordsearch, mode:FULL, rate:100, size:112
2026-05-09 08:01:35, MOVE, v:1, k:ed@wordsearch, mode:BACK
2026-05-09 08:01:57, SELF, v:1, k:ed@wordsearch, self:1, rate:100, study:115, code:1
2026-05-09 08:01:32, MOVE, v:1, k:ed@wordsearch, mode:EDIT
2026-05-09 08:08:30, MOVE, v:1, k:ed@subset_sum, mode:PICK
2026-05-09 08:09:03, EXEC, v:1, k:ed@subset_sum, mode:FULL, rate:0, size:5
2026-05-09 15:13:10, MOVE, v:1, k:ed@subset_sum, mode:PICK
2026-05-09 17:51:47, MOVE, v:1, k:ed@subset_sum, mode:BACK
2026-05-09 17:56:16, MOVE, v:1, k:ed@subset_sum, mode:EDIT
2026-05-09 18:00:45, MOVE, v:1, k:ed@subset_sum, mode:EDIT
2026-05-09 18:02:03, MOVE, v:1, k:ed@subset_sum, mode:PICK
2026-05-09 18:02:04, EXEC, v:1, k:ed@subset_sum, mode:FULL, size:23, fail:COMP
2026-05-09 18:05:03, MOVE, v:1, k:ed@subset_sum, mode:EDIT
2026-05-09 18:10:42, MOVE, v:1, k:ed@subset_sum, mode:EDIT
2026-05-09 18:16:33, EXEC, v:1, k:ed@subset_sum, mode:FULL, size:40, fail:COMP
2026-05-09 18:16:29, MOVE, v:1, k:ed@subset_sum, mode:EDIT
2026-05-09 18:16:44, EXEC, v:1, k:ed@subset_sum, mode:FULL, size:42, fail:COMP
2026-05-09 18:16:55, EXEC, v:1, k:ed@subset_sum, mode:FULL, fail:COMP
2026-05-09 18:17:24, EXEC, v:1, k:ed@subset_sum, mode:FULL, size:42, fail:COMP
2026-05-09 18:17:46, EXEC, v:1, k:ed@subset_sum, mode:FULL, rate:100, size:42
2026-05-09 18:17:47, MOVE, v:1, k:ed@subset_sum, mode:BACK
2026-05-09 18:18:00, SELF, v:1, k:ed@subset_sum, self:1, rate:100, study:30, code:1
2026-05-09 18:18:18, MOVE, v:1, k:ed@distancia, mode:PICK
2026-05-09 18:18:20, MOVE, v:1, k:ed@distancia, mode:BACK
2026-05-09 18:18:24, SELF, v:1, k:ed@subset_sum, self:1, rate:100, study:30, code:1
2026-05-09 18:18:27, MOVE, v:1, k:ed@distancia, mode:PICK
2026-05-09 18:17:46, MOVE, v:1, k:ed@subset_sum, mode:EDIT
