2026-04-29 06:12:59, MOVE, v:1, k:ed@lista_d1, mode:BACK
2026-04-29 06:13:01, MOVE, v:1, k:ed@lista_d1, mode:PICK
2026-04-29 06:13:02, MOVE, v:1, k:ed@lista_d1, mode:BACK
2026-04-29 08:03:01, MOVE, v:1, k:ed@lista_d1, mode:PICK
2026-04-29 08:03:46, EXEC, v:1, k:ed@lista_d1, mode:FULL, rate:0, size:57
2026-04-29 08:03:51, MOVE, v:1, k:ed@lista_d1, mode:BACK
2026-04-29 08:03:52, MOVE, v:1, k:ed@lista_d1, mode:PICK
2026-04-29 08:04:57, EXEC, v:1, k:ed@lista_d1, mode:FULL, rate:0
2026-04-29 08:06:38, MOVE, v:1, k:ed@lista_d1, mode:EDIT
2026-04-29 08:08:18, MOVE, v:1, k:ed@lista_d1, mode:EDIT
2026-04-29 08:47:02, MOVE, v:1, k:ed@lista_d1, mode:BACK
2026-04-29 08:47:04, MOVE, v:1, k:ed@lista_d1, mode:PICK
2026-04-29 08:47:08, EXEC, v:1, k:ed@lista_d1, mode:FULL, size:63, fail:COMP
2026-04-29 08:47:09, MOVE, v:1, k:ed@lista_d1, mode:BACK
2026-04-29 08:47:12, MOVE, v:1, k:ed@lista_d1, mode:PICK
2026-04-29 08:47:49, MOVE, v:1, k:ed@lista_d1, mode:EDIT
2026-04-29 08:50:19, MOVE, v:1, k:ed@lista_d1, mode:EDIT
2026-04-29 08:57:59, MOVE, v:1, k:ed@lista_d1, mode:EDIT
2026-04-29 08:58:03, EXEC, v:1, k:ed@lista_d1, mode:FULL, size:79, fail:COMP
2026-04-29 09:00:57, MOVE, v:1, k:ed@lista_d1, mode:EDIT
2026-04-29 09:05:12, EXEC, v:1, k:ed@lista_d1, mode:FULL, size:96, fail:COMP
2026-04-29 09:05:45, EXEC, v:1, k:ed@lista_d1, mode:FULL, rate:14, size:100
2026-04-29 09:05:44, MOVE, v:1, k:ed@lista_d1, mode:EDIT
2026-04-29 09:12:02, EXEC, v:1, k:ed@lista_d1, mode:FULL, rate:14, size:113
2026-04-29 09:12:45, EXEC, v:1, k:ed@lista_d1, mode:FULL, rate:14, size:113
2026-04-29 09:12:44, MOVE, v:1, k:ed@lista_d1, mode:EDIT
2026-04-29 09:13:53, EXEC, v:1, k:ed@lista_d1, mode:FULL, size:115, fail:COMP
2026-04-29 09:14:04, EXEC, v:1, k:ed@lista_d1, mode:FULL, rate:14, size:115
2026-04-29 09:14:35, EXEC, v:1, k:ed@lista_d1, mode:FULL, rate:42, size:119
2026-04-29 09:15:17, EXEC, v:1, k:ed@lista_d1, mode:FULL, rate:42, size:123
2026-04-29 09:16:49, EXEC, v:1, k:ed@lista_d1, mode:FULL, rate:42, size:125
2026-04-29 09:17:28, EXEC, v:1, k:ed@lista_d1, mode:FULL, rate:57, size:125
2026-04-29 09:17:21, MOVE, v:1, k:ed@lista_d1, mode:EDIT
2026-04-29 09:20:22, EXEC, v:1, k:ed@lista_d1, mode:FULL, rate:71, size:140
2026-04-29 09:22:38, MOVE, v:1, k:ed@lista_d1, mode:EDIT
2026-04-29 09:26:05, EXEC, v:1, k:ed@lista_d1, mode:FULL, rate:71, size:153
2026-04-29 09:27:32, EXEC, v:1, k:ed@lista_d1, mode:FULL, rate:85, size:154
2026-04-29 09:27:27, MOVE, v:1, k:ed@lista_d1, mode:EDIT
2026-04-29 09:29:32, EXEC, v:1, k:ed@lista_d1, mode:FULL, rate:100, size:169
2026-04-29 09:29:32, MOVE, v:1, k:ed@lista_d1, mode:BACK
2026-04-29 09:29:51, SELF, v:1, k:ed@lista_d1, self:1, rate:100, study:60, concept:1, code:1
2026-04-29 09:30:43, MOVE, v:1, k:ed@bufferring, mode:DOWN
2026-04-29 09:29:27, MOVE, v:1, k:ed@lista_d1, mode:EDIT
2026-04-29 09:30:43, MOVE, v:1, k:ed@bufferring, mode:EDIT
2026-04-29 09:30:43, MOVE, v:1, k:ed@bufferring, mode:EDIT
2026-04-29 09:30:43, MOVE, v:1, k:ed@bufferring, mode:EDIT
2026-04-29 09:30:43, MOVE, v:1, k:ed@bufferring, mode:EDIT
2026-04-29 11:41:55, MOVE, v:1, k:ed@lista_d1, mode:PICK
2026-04-29 11:42:02, EXEC, v:1, k:ed@lista_d1, mode:FULL, rate:100
2026-04-29 11:42:04, MOVE, v:1, k:ed@lista_d1, mode:BACK
2026-04-29 11:42:09, SELF, v:1, k:ed@lista_d1, self:1, rate:100, concept:1, code:1
2026-04-29 11:42:18, MOVE, v:1, k:ed@lista_d2, mode:DOWN
2026-04-29 11:42:22, MOVE, v:1, k:ed@lista_d2, mode:PICK
2026-04-29 11:43:08, MOVE, v:1, k:ed@lista_d2, mode:BACK
2026-04-29 11:45:11, MOVE, v:1, k:ed@bufferring, mode:PICK
2026-04-29 11:45:39, MOVE, v:1, k:ed@bufferring, mode:BACK
2026-04-29 11:42:18, MOVE, v:1, k:ed@lista_d2, mode:EDIT
2026-04-29 11:42:18, MOVE, v:1, k:ed@lista_d2, mode:EDIT
2026-04-29 11:42:18, MOVE, v:1, k:ed@lista_d2, mode:EDIT
2026-04-29 11:42:18, MOVE, v:1, k:ed@lista_d2, mode:EDIT
2026-04-29 16:27:47, MOVE, v:1, k:ed@bufferring, mode:PICK
2026-04-29 16:29:58, EXEC, v:1, k:ed@bufferring, mode:FULL, rate:0, size:110
2026-04-29 16:32:56, EXEC, v:1, k:ed@bufferring, mode:FULL, rate:0, size:114
2026-04-29 16:36:08, MOVE, v:1, k:ed@bufferring, mode:EDIT
2026-04-29 16:40:48, MOVE, v:1, k:ed@bufferring, mode:EDIT
2026-04-29 16:45:32, EXEC, v:1, k:ed@bufferring, mode:FULL, size:141, fail:COMP
2026-04-29 16:45:48, EXEC, v:1, k:ed@bufferring, mode:FULL, rate:0, size:141
2026-04-29 16:45:46, MOVE, v:1, k:ed@bufferring, mode:EDIT
