2026-04-01 08:25:31, MOVE, v:1, k:ed@treinando, mode:PICK
2026-04-01 08:26:05, EXEC, v:1, k:ed@treinando, mode:FULL, fail:COMP
2026-04-01 08:26:12, EXEC, v:1, k:ed@treinando, mode:FULL, size:103, fail:COMP
2026-04-01 08:26:25, EXEC, v:1, k:ed@treinando, mode:FULL, rate:0, size:103
2026-04-01 08:27:26, MOVE, v:1, k:ed@treinando, mode:BACK
2026-04-01 08:36:44, MOVE, v:1, k:ed@manipulacao, mode:PICK
2026-04-01 08:46:29, MOVE, v:1, k:ed@manipulacao, mode:BACK
2026-04-01 08:46:58, MOVE, v:1, k:ed@treinando, mode:PICK
2026-04-01 08:50:26, EXEC, v:1, k:ed@treinando, mode:FULL, rate:0, size:102
2026-04-01 08:51:00, EXEC, v:1, k:ed@treinando, mode:FULL, rate:16, size:102
2026-04-01 08:52:04, EXEC, v:1, k:ed@treinando, mode:FULL, size:102, fail:COMP
2026-04-01 08:53:26, EXEC, v:1, k:ed@treinando, mode:FULL, size:102, fail:COMP
2026-04-01 08:53:38, EXEC, v:1, k:ed@treinando, mode:FULL, rate:16, size:102
2026-04-01 15:55:32, MOVE, v:1, k:ed@treinando, mode:PICK
2026-04-01 15:55:37, EXEC, v:1, k:ed@treinando, mode:FULL, rate:16
2026-04-01 16:04:16, EXEC, v:1, k:ed@treinando, mode:FULL, size:105, fail:COMP
2026-04-01 16:04:28, EXEC, v:1, k:ed@treinando, mode:FULL, rate:16, size:105
2026-04-01 16:08:22, EXEC, v:1, k:ed@treinando, mode:FULL, size:106, fail:COMP
2026-04-01 16:08:29, EXEC, v:1, k:ed@treinando, mode:FULL, fail:COMP
2026-04-01 16:08:55, EXEC, v:1, k:ed@treinando, mode:FULL, size:105, fail:COMP
2026-04-01 16:09:46, EXEC, v:1, k:ed@treinando, mode:FULL, size:105, fail:COMP
2026-04-01 16:11:30, MOVE, v:1, k:ed@treinando, mode:PICK
2026-04-01 16:11:31, EXEC, v:1, k:ed@treinando, mode:FULL, rate:16, size:105
2026-04-01 16:13:10, EXEC, v:1, k:ed@treinando, mode:FULL, rate:16, size:107
2026-04-01 16:14:18, EXEC, v:1, k:ed@treinando, mode:FULL, size:105, fail:COMP
2026-04-01 16:14:21, EXEC, v:1, k:ed@treinando, mode:FULL, fail:COMP
2026-04-01 16:14:56, EXEC, v:1, k:ed@treinando, mode:FULL, rate:16, size:105
2026-04-01 16:15:47, EXEC, v:1, k:ed@treinando, mode:FULL, rate:16, size:107
2026-04-01 16:20:18, EXEC, v:1, k:ed@treinando, mode:FULL, size:109, fail:COMP
2026-04-01 16:20:28, EXEC, v:1, k:ed@treinando, mode:FULL, size:109, fail:COMP
2026-04-01 16:20:30, EXEC, v:1, k:ed@treinando, mode:FULL, fail:COMP
2026-04-01 16:20:44, EXEC, v:1, k:ed@treinando, mode:FULL, size:109, fail:COMP
2026-04-01 16:21:44, EXEC, v:1, k:ed@treinando, mode:FULL, size:109, fail:COMP
2026-04-01 16:22:08, EXEC, v:1, k:ed@treinando, mode:FULL, rate:16, size:109
2026-04-01 16:22:41, EXEC, v:1, k:ed@treinando, mode:FULL, rate:33, size:105
2026-04-01 16:24:15, EXEC, v:1, k:ed@treinando, mode:FULL, rate:33, size:108
2026-04-01 16:24:37, EXEC, v:1, k:ed@treinando, mode:FULL, rate:33, size:108
2026-04-01 16:25:06, EXEC, v:1, k:ed@treinando, mode:FULL, rate:33, size:112
2026-04-01 16:25:28, EXEC, v:1, k:ed@treinando, mode:FULL, rate:50, size:112
2026-04-01 16:27:05, EXEC, v:1, k:ed@treinando, mode:FULL, rate:50, size:112
2026-04-01 16:39:45, MOVE, v:1, k:ed@treinando, mode:BACK
2026-04-01 16:39:49, MOVE, v:1, k:ed@treinando, mode:PICK
2026-04-01 16:39:50, MOVE, v:1, k:ed@treinando, mode:BACK
2026-04-01 16:39:57, MOVE, v:1, k:ed@treinando, mode:PICK
2026-04-01 16:40:01, EXEC, v:1, k:ed@treinando, mode:FULL, size:124, fail:COMP
2026-04-01 19:41:01, MOVE, v:1, k:ed@treinando, mode:PICK
2026-04-01 19:41:02, EXEC, v:1, k:ed@treinando, mode:FULL, rate:50, size:132
2026-04-01 19:41:03, EXEC, v:1, k:ed@treinando, mode:FULL, rate:50
2026-04-01 19:41:50, EXEC, v:1, k:ed@treinando, mode:FULL, rate:66, size:132
2026-04-01 19:52:17, EXEC, v:1, k:ed@treinando, mode:FULL, rate:16, size:137
2026-04-01 19:53:55, EXEC, v:1, k:ed@treinando, mode:FULL, size:137, fail:COMP
2026-04-01 19:53:57, EXEC, v:1, k:ed@treinando, mode:FULL, fail:COMP
2026-04-01 19:54:29, EXEC, v:1, k:ed@treinando, mode:FULL, rate:16, size:137
2026-04-01 19:55:55, EXEC, v:1, k:ed@treinando, mode:FULL, rate:16, size:138
2026-04-01 19:58:25, EXEC, v:1, k:ed@treinando, mode:FULL, rate:16, size:138
2026-04-01 19:58:38, EXEC, v:1, k:ed@treinando, mode:FULL, rate:16, size:137
2026-04-01 20:00:07, EXEC, v:1, k:ed@treinando, mode:FULL, rate:66, size:141
2026-04-01 20:00:50, EXEC, v:1, k:ed@treinando, mode:FULL, rate:83, size:142
2026-04-01 20:01:40, EXEC, v:1, k:ed@treinando, mode:FULL, rate:83, size:142
2026-04-01 20:02:23, EXEC, v:1, k:ed@treinando, mode:FULL, size:142, fail:COMP
2026-04-01 20:02:48, EXEC, v:1, k:ed@treinando, mode:FULL, fail:COMP
2026-04-01 20:03:43, EXEC, v:1, k:ed@treinando, mode:FULL, fail:COMP
2026-04-01 20:05:25, EXEC, v:1, k:ed@treinando, mode:FULL, size:142, fail:COMP
2026-04-01 20:06:18, EXEC, v:1, k:ed@treinando, mode:FULL, rate:83, size:144
2026-04-01 20:07:45, MOVE, v:1, k:ed@treinando, mode:PICK
2026-04-01 20:07:47, EXEC, v:1, k:ed@treinando, mode:FULL, rate:83, size:142
2026-04-01 20:12:34, EXEC, v:1, k:ed@treinando, mode:FULL, size:152, fail:COMP
2026-04-01 20:12:48, EXEC, v:1, k:ed@treinando, mode:FULL, size:152, fail:COMP
2026-04-01 20:14:18, EXEC, v:1, k:ed@treinando, mode:FULL, size:144, fail:COMP
2026-04-01 20:14:39, EXEC, v:1, k:ed@treinando, mode:FULL, rate:83, size:144
2026-04-01 20:15:40, EXEC, v:1, k:ed@treinando, mode:FULL, size:144, fail:COMP
2026-04-01 20:15:47, EXEC, v:1, k:ed@treinando, mode:FULL, size:142, fail:COMP
2026-04-01 20:16:20, EXEC, v:1, k:ed@treinando, mode:FULL, rate:33, size:142
2026-04-01 20:17:06, EXEC, v:1, k:ed@treinando, mode:FULL, size:146, fail:COMP
2026-04-01 20:22:00, EXEC, v:1, k:ed@treinando, mode:FULL, rate:33, size:148
2026-04-01 20:22:35, EXEC, v:1, k:ed@treinando, mode:FULL, rate:33, size:148
2026-04-01 20:23:40, EXEC, v:1, k:ed@treinando, mode:FULL, size:148, fail:COMP
2026-04-01 20:23:58, EXEC, v:1, k:ed@treinando, mode:FULL, rate:33, size:148
2026-04-01 20:24:03, EXEC, v:1, k:ed@treinando, mode:FULL, rate:33, size:148
2026-04-01 20:24:12, EXEC, v:1, k:ed@treinando, mode:FULL, rate:33, size:148
2026-04-01 20:24:22, EXEC, v:1, k:ed@treinando, mode:FULL, rate:33, size:148
2026-04-01 20:24:26, EXEC, v:1, k:ed@treinando, mode:FULL, rate:33, size:148
2026-04-01 20:26:00, EXEC, v:1, k:ed@treinando, mode:FULL, rate:100, size:149
2026-04-01 20:26:01, MOVE, v:1, k:ed@treinando, mode:BACK
2026-04-01 20:26:38, SELF, v:1, k:ed@treinando, self:1, rate:100, study:90, concept:1, code:1
2026-04-01 21:08:57, MOVE, v:1, k:ed@vetequals, mode:PICK
2026-04-01 21:18:21, EXEC, v:1, k:ed@vetequals, mode:FULL, size:58, fail:COMP
2026-04-01 21:20:23, EXEC, v:1, k:ed@vetequals, mode:FULL, size:58, fail:COMP
2026-04-01 21:26:07, EXEC, v:1, k:ed@vetequals, mode:FULL, rate:80, size:59
2026-04-01 21:27:33, EXEC, v:1, k:ed@vetequals, mode:FULL, rate:100, size:61
2026-04-01 21:27:57, MOVE, v:1, k:ed@vetequals, mode:BACK
2026-04-01 21:28:13, SELF, v:1, k:ed@vetequals, self:1, rate:100, study:18, concept:1
2026-04-01 21:28:40, SELF, v:1, k:ed@vetequals, self:1, rate:100, study:36, concept:1
2026-04-01 21:29:14, SELF, v:1, k:ed@treinando, self:1, rate:100, study:110, concept:1, code:1
2026-04-01 21:30:19, MOVE, v:1, k:ed@triangulo, mode:DOWN
2026-04-01 21:30:21, MOVE, v:1, k:ed@triangulo, mode:PICK
2026-04-01 21:30:35, EXEC, v:1, k:ed@triangulo, mode:FULL, rate:0, size:47
2026-04-01 21:46:45, EXEC, v:1, k:ed@triangulo, mode:FULL, size:48, fail:COMP
2026-04-01 21:46:52, EXEC, v:1, k:ed@triangulo, mode:FULL, rate:0, size:48
2026-04-01 21:47:54, MOVE, v:1, k:ed@triangulo, mode:BACK
2026-04-01 21:48:20, MOVE, v:1, k:ed@treinando, mode:PICK
2026-04-01 21:48:24, MOVE, v:1, k:ed@treinando, mode:BACK
2026-04-01 21:48:25, MOVE, v:1, k:ed@treinando, mode:PICK
2026-04-01 21:49:03, MOVE, v:1, k:ed@treinando, mode:BACK
2026-04-01 21:49:10, MOVE, v:1, k:ed@manipulacao, mode:PICK
2026-04-01 21:50:57, MOVE, v:1, k:ed@manipulacao, mode:BACK
2026-04-01 21:51:16, MOVE, v:1, k:ed@triangulo, mode:PICK
2026-04-01 21:54:04, EXEC, v:1, k:ed@triangulo, mode:FULL, size:53, fail:COMP
2026-04-01 21:54:09, EXEC, v:1, k:ed@triangulo, mode:FULL, rate:0, size:53
2026-04-01 21:55:36, EXEC, v:1, k:ed@triangulo, mode:FULL, size:55, fail:COMP
2026-04-01 21:56:23, MOVE, v:1, k:ed@triangulo, mode:BACK
2026-04-01 21:56:27, MOVE, v:1, k:ed@treinando, mode:PICK
2026-04-01 21:57:02, EXEC, v:1, k:ed@treinando, mode:FULL, rate:100
2026-04-01 21:57:04, MOVE, v:1, k:ed@treinando, mode:BACK
2026-04-01 21:57:09, MOVE, v:1, k:ed@triangulo, mode:PICK
2026-04-01 21:57:09, EXEC, v:1, k:ed@triangulo, mode:FULL, fail:COMP
2026-04-01 21:57:17, EXEC, v:1, k:ed@triangulo, mode:FULL, rate:0, size:55
2026-04-01 21:57:43, EXEC, v:1, k:ed@triangulo, mode:FULL, rate:0, size:55
2026-04-01 21:58:07, EXEC, v:1, k:ed@triangulo, mode:FULL, rate:0, size:55
2026-04-01 21:58:52, EXEC, v:1, k:ed@triangulo, mode:FULL, rate:0, size:55
2026-04-01 21:59:18, EXEC, v:1, k:ed@triangulo, mode:FULL, size:55, fail:COMP
2026-04-01 21:59:51, EXEC, v:1, k:ed@triangulo, mode:FULL, size:55, fail:COMP
2026-04-01 21:59:56, EXEC, v:1, k:ed@triangulo, mode:FULL, size:55, fail:COMP
2026-04-01 22:01:35, EXEC, v:1, k:ed@triangulo, mode:FULL, size:55, fail:COMP
2026-04-01 22:01:48, EXEC, v:1, k:ed@triangulo, mode:FULL, size:55, fail:COMP
2026-04-01 22:01:55, EXEC, v:1, k:ed@triangulo, mode:FULL, size:55, fail:COMP
2026-04-01 22:02:11, EXEC, v:1, k:ed@triangulo, mode:FULL, size:55, fail:COMP
2026-04-01 22:05:25, EXEC, v:1, k:ed@triangulo, mode:FULL, rate:0, size:58
2026-04-01 22:05:36, EXEC, v:1, k:ed@triangulo, mode:FULL, rate:0, size:58
2026-04-01 22:06:21, EXEC, v:1, k:ed@triangulo, mode:FULL, rate:0, size:58
2026-04-01 22:07:45, EXEC, v:1, k:ed@triangulo, mode:FULL, size:59, fail:COMP
2026-04-01 22:08:32, EXEC, v:1, k:ed@triangulo, mode:FULL, size:59, fail:COMP
2026-04-01 22:10:13, EXEC, v:1, k:ed@triangulo, mode:FULL, rate:0, size:58
2026-04-01 22:14:40, EXEC, v:1, k:ed@triangulo, mode:FULL, rate:0, size:58
2026-04-01 22:15:16, EXEC, v:1, k:ed@triangulo, mode:FULL, rate:0, size:59
2026-04-01 22:15:37, EXEC, v:1, k:ed@triangulo, mode:FULL, rate:100, size:59
2026-04-01 22:15:38, MOVE, v:1, k:ed@triangulo, mode:BACK
2026-04-01 22:16:08, SELF, v:1, k:ed@triangulo, self:1, rate:100, study:41, concept:1, debug:1
2026-04-01 22:16:53, MOVE, v:1, k:ed@queimada, mode:PICK
2026-04-01 22:16:55, EXEC, v:1, k:ed@queimada, mode:FULL, size:38, fail:COMP
2026-04-01 22:31:21, EXEC, v:1, k:ed@queimada, mode:FULL, size:49, fail:COMP
2026-04-01 22:35:57, EXEC, v:1, k:ed@queimada, mode:FULL, rate:0, size:51
2026-04-01 22:37:27, EXEC, v:1, k:ed@queimada, mode:FULL, rate:0, size:54
2026-04-01 22:37:39, EXEC, v:1, k:ed@queimada, mode:FULL, rate:0, size:55
2026-04-01 22:39:06, EXEC, v:1, k:ed@queimada, mode:FULL, rate:0, size:53
2026-04-01 22:41:19, EXEC, v:1, k:ed@queimada, mode:FULL, rate:0, size:53
2026-04-01 22:42:30, MOVE, v:1, k:ed@queimada, mode:PICK
2026-04-01 22:43:05, MOVE, v:1, k:ed@queimada, mode:PICK
2026-04-01 22:43:06, EXEC, v:1, k:ed@queimada, mode:FULL, rate:100, size:51
2026-04-01 22:43:17, MOVE, v:1, k:ed@queimada, mode:BACK
2026-04-01 22:43:33, SELF, v:1, k:ed@queimada, self:1, rate:100, study:26, concept:1, code:1
2026-04-01 22:43:48, MOVE, v:1, k:ed@labirinto, mode:DOWN
2026-04-01 22:43:49, MOVE, v:1, k:ed@labirinto, mode:PICK
2026-04-01 22:46:56, EXEC, v:1, k:ed@labirinto, mode:FULL, size:46, fail:COMP
2026-04-01 23:09:12, EXEC, v:1, k:ed@labirinto, mode:FULL, rate:0, size:70
2026-04-01 23:12:17, EXEC, v:1, k:ed@labirinto, mode:FULL, size:74, fail:COMP
2026-04-01 23:12:19, EXEC, v:1, k:ed@labirinto, mode:FULL, fail:COMP
2026-04-01 23:13:17, EXEC, v:1, k:ed@labirinto, mode:FULL, rate:0, size:75
2026-04-01 23:14:12, EXEC, v:1, k:ed@labirinto, mode:FULL, size:77, fail:COMP
2026-04-01 23:14:13, EXEC, v:1, k:ed@labirinto, mode:FULL, fail:COMP
2026-04-01 23:14:13, EXEC, v:1, k:ed@labirinto, mode:FULL, fail:COMP
2026-04-01 23:14:14, EXEC, v:1, k:ed@labirinto, mode:FULL, fail:COMP
2026-04-01 23:14:14, EXEC, v:1, k:ed@labirinto, mode:FULL, fail:COMP
2026-04-01 23:14:14, EXEC, v:1, k:ed@labirinto, mode:FULL, fail:COMP
2026-04-01 23:14:14, EXEC, v:1, k:ed@labirinto, mode:FULL, fail:COMP
2026-04-01 23:14:12, EXEC, v:1, k:ed@labirinto, mode:FULL, size:77, fail:COMP
2026-04-01 23:14:12, EXEC, v:1, k:ed@labirinto, mode:FULL, size:77, fail:COMP
2026-04-01 23:14:18, EXEC, v:1, k:ed@labirinto, mode:FULL, rate:0, size:77
2026-04-01 23:14:45, EXEC, v:1, k:ed@labirinto, mode:FULL, rate:0, size:77
2026-04-01 23:15:02, EXEC, v:1, k:ed@labirinto, mode:FULL, rate:0, size:77
2026-04-01 23:15:13, EXEC, v:1, k:ed@labirinto, mode:FULL, rate:0, size:77
2026-04-01 23:17:59, EXEC, v:1, k:ed@labirinto, mode:FULL, rate:0
2026-04-01 23:18:15, EXEC, v:1, k:ed@labirinto, mode:FULL, rate:100, size:77
2026-04-01 23:18:16, MOVE, v:1, k:ed@labirinto, mode:BACK
2026-04-01 23:18:36, SELF, v:1, k:ed@labirinto, self:1, rate:100, study:34, concept:1, code:1
2026-04-01 23:18:47, MOVE, v:1, k:ed@fractais_png, mode:DOWN
2026-04-01 23:18:48, MOVE, v:1, k:ed@fractais_png, mode:PICK
2026-04-01 23:20:17, EXEC, v:1, k:ed@fractais_png, mode:FULL, size:136, fail:COMP
2026-04-01 23:20:18, MOVE, v:1, k:ed@fractais_png, mode:BACK
2026-04-01 23:20:49, SELF, v:1, k:ed@labirinto, self:1, rate:100, study:34, concept:1, code:1
